{"C:\\TulparsApp\\tulpars-app\\src\\App.jsx": {"path":"C:\\TulparsApp\\tulpars-app\\src\\App.jsx","statementMap":{"0":{"start":{"line":8,"column":21},"end":{"line":8,"column":68}},"1":{"start":{"line":8,"column":32},"end":{"line":8,"column":67}},"2":{"start":{"line":9,"column":19},"end":{"line":9,"column":64}},"3":{"start":{"line":9,"column":30},"end":{"line":9,"column":63}},"4":{"start":{"line":10,"column":13},"end":{"line":10,"column":52}},"5":{"start":{"line":10,"column":24},"end":{"line":10,"column":51}},"6":{"start":{"line":11,"column":13},"end":{"line":11,"column":52}},"7":{"start":{"line":11,"column":24},"end":{"line":11,"column":51}},"8":{"start":{"line":12,"column":16},"end":{"line":12,"column":58}},"9":{"start":{"line":12,"column":27},"end":{"line":12,"column":57}},"10":{"start":{"line":13,"column":17},"end":{"line":13,"column":60}},"11":{"start":{"line":13,"column":28},"end":{"line":13,"column":59}},"12":{"start":{"line":14,"column":22},"end":{"line":14,"column":70}},"13":{"start":{"line":14,"column":33},"end":{"line":14,"column":69}},"14":{"start":{"line":15,"column":13},"end":{"line":15,"column":52}},"15":{"start":{"line":15,"column":24},"end":{"line":15,"column":51}},"16":{"start":{"line":16,"column":16},"end":{"line":16,"column":58}},"17":{"start":{"line":16,"column":27},"end":{"line":16,"column":57}},"18":{"start":{"line":17,"column":20},"end":{"line":17,"column":66}},"19":{"start":{"line":17,"column":31},"end":{"line":17,"column":65}},"20":{"start":{"line":18,"column":21},"end":{"line":18,"column":68}},"21":{"start":{"line":18,"column":32},"end":{"line":18,"column":67}},"22":{"start":{"line":19,"column":13},"end":{"line":19,"column":52}},"23":{"start":{"line":19,"column":24},"end":{"line":19,"column":51}},"24":{"start":{"line":20,"column":19},"end":{"line":20,"column":64}},"25":{"start":{"line":20,"column":30},"end":{"line":20,"column":63}},"26":{"start":{"line":21,"column":22},"end":{"line":21,"column":70}},"27":{"start":{"line":21,"column":33},"end":{"line":21,"column":69}},"28":{"start":{"line":22,"column":21},"end":{"line":22,"column":68}},"29":{"start":{"line":22,"column":32},"end":{"line":22,"column":67}},"30":{"start":{"line":23,"column":27},"end":{"line":23,"column":80}},"31":{"start":{"line":23,"column":38},"end":{"line":23,"column":79}},"32":{"start":{"line":24,"column":23},"end":{"line":24,"column":72}},"33":{"start":{"line":24,"column":34},"end":{"line":24,"column":71}},"34":{"start":{"line":25,"column":18},"end":{"line":25,"column":62}},"35":{"start":{"line":25,"column":29},"end":{"line":25,"column":61}},"36":{"start":{"line":26,"column":17},"end":{"line":26,"column":60}},"37":{"start":{"line":26,"column":28},"end":{"line":26,"column":59}},"38":{"start":{"line":33,"column":30},"end":{"line":33,"column":39}},"39":{"start":{"line":34,"column":2},"end":{"line":34,"column":71}},"40":{"start":{"line":39,"column":30},"end":{"line":39,"column":39}},"41":{"start":{"line":40,"column":36},"end":{"line":40,"column":50}},"42":{"start":{"line":41,"column":19},"end":{"line":41,"column":32}},"43":{"start":{"line":43,"column":2},"end":{"line":61,"column":34}},"44":{"start":{"line":45,"column":22},"end":{"line":56,"column":5}},"45":{"start":{"line":46,"column":32},"end":{"line":46,"column":84}},"46":{"start":{"line":48,"column":6},"end":{"line":54,"column":7}},"47":{"start":{"line":49,"column":8},"end":{"line":49,"column":32}},"48":{"start":{"line":50,"column":13},"end":{"line":54,"column":7}},"49":{"start":{"line":51,"column":8},"end":{"line":51,"column":27}},"50":{"start":{"line":53,"column":8},"end":{"line":53,"column":26}},"51":{"start":{"line":55,"column":6},"end":{"line":55,"column":26}},"52":{"start":{"line":59,"column":18},"end":{"line":59,"column":45}},"53":{"start":{"line":60,"column":4},"end":{"line":60,"column":37}},"54":{"start":{"line":60,"column":17},"end":{"line":60,"column":36}},"55":{"start":{"line":63,"column":2},"end":{"line":65,"column":3}},"56":{"start":{"line":64,"column":4},"end":{"line":64,"column":28}},"57":{"start":{"line":67,"column":2},"end":{"line":99,"column":4}},"58":{"start":{"line":103,"column":2},"end":{"line":111,"column":4}}},"fnMap":{"0":{"name":"(anonymous_0)","decl":{"start":{"line":8,"column":26},"end":{"line":8,"column":27}},"loc":{"start":{"line":8,"column":32},"end":{"line":8,"column":67}},"line":8},"1":{"name":"(anonymous_1)","decl":{"start":{"line":9,"column":24},"end":{"line":9,"column":25}},"loc":{"start":{"line":9,"column":30},"end":{"line":9,"column":63}},"line":9},"2":{"name":"(anonymous_2)","decl":{"start":{"line":10,"column":18},"end":{"line":10,"column":19}},"loc":{"start":{"line":10,"column":24},"end":{"line":10,"column":51}},"line":10},"3":{"name":"(anonymous_3)","decl":{"start":{"line":11,"column":18},"end":{"line":11,"column":19}},"loc":{"start":{"line":11,"column":24},"end":{"line":11,"column":51}},"line":11},"4":{"name":"(anonymous_4)","decl":{"start":{"line":12,"column":21},"end":{"line":12,"column":22}},"loc":{"start":{"line":12,"column":27},"end":{"line":12,"column":57}},"line":12},"5":{"name":"(anonymous_5)","decl":{"start":{"line":13,"column":22},"end":{"line":13,"column":23}},"loc":{"start":{"line":13,"column":28},"end":{"line":13,"column":59}},"line":13},"6":{"name":"(anonymous_6)","decl":{"start":{"line":14,"column":27},"end":{"line":14,"column":28}},"loc":{"start":{"line":14,"column":33},"end":{"line":14,"column":69}},"line":14},"7":{"name":"(anonymous_7)","decl":{"start":{"line":15,"column":18},"end":{"line":15,"column":19}},"loc":{"start":{"line":15,"column":24},"end":{"line":15,"column":51}},"line":15},"8":{"name":"(anonymous_8)","decl":{"start":{"line":16,"column":21},"end":{"line":16,"column":22}},"loc":{"start":{"line":16,"column":27},"end":{"line":16,"column":57}},"line":16},"9":{"name":"(anonymous_9)","decl":{"start":{"line":17,"column":25},"end":{"line":17,"column":26}},"loc":{"start":{"line":17,"column":31},"end":{"line":17,"column":65}},"line":17},"10":{"name":"(anonymous_10)","decl":{"start":{"line":18,"column":26},"end":{"line":18,"column":27}},"loc":{"start":{"line":18,"column":32},"end":{"line":18,"column":67}},"line":18},"11":{"name":"(anonymous_11)","decl":{"start":{"line":19,"column":18},"end":{"line":19,"column":19}},"loc":{"start":{"line":19,"column":24},"end":{"line":19,"column":51}},"line":19},"12":{"name":"(anonymous_12)","decl":{"start":{"line":20,"column":24},"end":{"line":20,"column":25}},"loc":{"start":{"line":20,"column":30},"end":{"line":20,"column":63}},"line":20},"13":{"name":"(anonymous_13)","decl":{"start":{"line":21,"column":27},"end":{"line":21,"column":28}},"loc":{"start":{"line":21,"column":33},"end":{"line":21,"column":69}},"line":21},"14":{"name":"(anonymous_14)","decl":{"start":{"line":22,"column":26},"end":{"line":22,"column":27}},"loc":{"start":{"line":22,"column":32},"end":{"line":22,"column":67}},"line":22},"15":{"name":"(anonymous_15)","decl":{"start":{"line":23,"column":32},"end":{"line":23,"column":33}},"loc":{"start":{"line":23,"column":38},"end":{"line":23,"column":79}},"line":23},"16":{"name":"(anonymous_16)","decl":{"start":{"line":24,"column":28},"end":{"line":24,"column":29}},"loc":{"start":{"line":24,"column":34},"end":{"line":24,"column":71}},"line":24},"17":{"name":"(anonymous_17)","decl":{"start":{"line":25,"column":23},"end":{"line":25,"column":24}},"loc":{"start":{"line":25,"column":29},"end":{"line":25,"column":61}},"line":25},"18":{"name":"(anonymous_18)","decl":{"start":{"line":26,"column":22},"end":{"line":26,"column":23}},"loc":{"start":{"line":26,"column":28},"end":{"line":26,"column":59}},"line":26},"19":{"name":"ProtectedRoute","decl":{"start":{"line":32,"column":9},"end":{"line":32,"column":23}},"loc":{"start":{"line":32,"column":38},"end":{"line":35,"column":1}},"line":32},"20":{"name":"AppRouter","decl":{"start":{"line":38,"column":9},"end":{"line":38,"column":18}},"loc":{"start":{"line":38,"column":21},"end":{"line":100,"column":1}},"line":38},"21":{"name":"(anonymous_21)","decl":{"start":{"line":43,"column":12},"end":{"line":43,"column":13}},"loc":{"start":{"line":43,"column":18},"end":{"line":61,"column":3}},"line":43},"22":{"name":"(anonymous_22)","decl":{"start":{"line":45,"column":22},"end":{"line":45,"column":23}},"loc":{"start":{"line":45,"column":28},"end":{"line":56,"column":5}},"line":45},"23":{"name":"(anonymous_23)","decl":{"start":{"line":60,"column":11},"end":{"line":60,"column":12}},"loc":{"start":{"line":60,"column":17},"end":{"line":60,"column":36}},"line":60},"24":{"name":"App","decl":{"start":{"line":102,"column":9},"end":{"line":102,"column":12}},"loc":{"start":{"line":102,"column":15},"end":{"line":112,"column":1}},"line":102}},"branchMap":{"0":{"loc":{"start":{"line":34,"column":9},"end":{"line":34,"column":70}},"type":"cond-expr","locations":[{"start":{"line":34,"column":27},"end":{"line":34,"column":35}},{"start":{"line":34,"column":38},"end":{"line":34,"column":70}}],"line":34},"1":{"loc":{"start":{"line":48,"column":6},"end":{"line":54,"column":7}},"type":"if","locations":[{"start":{"line":48,"column":6},"end":{"line":54,"column":7}},{"start":{"line":50,"column":13},"end":{"line":54,"column":7}}],"line":48},"2":{"loc":{"start":{"line":50,"column":13},"end":{"line":54,"column":7}},"type":"if","locations":[{"start":{"line":50,"column":13},"end":{"line":54,"column":7}},{"start":{"line":52,"column":13},"end":{"line":54,"column":7}}],"line":50},"3":{"loc":{"start":{"line":63,"column":2},"end":{"line":65,"column":3}},"type":"if","locations":[{"start":{"line":63,"column":2},"end":{"line":65,"column":3}},{"start":{},"end":{}}],"line":63}},"s":{"0":0,"1":0,"2":0,"3":0,"4":0,"5":0,"6":0,"7":0,"8":0,"9":0,"10":0,"11":0,"12":0,"13":0,"14":0,"15":0,"16":0,"17":0,"18":0,"19":0,"20":0,"21":0,"22":0,"23":0,"24":0,"25":0,"26":0,"27":0,"28":0,"29":0,"30":0,"31":0,"32":0,"33":0,"34":0,"35":0,"36":0,"37":0,"38":0,"39":0,"40":0,"41":0,"42":0,"43":0,"44":0,"45":0,"46":0,"47":0,"48":0,"49":0,"50":0,"51":0,"52":0,"53":0,"54":0,"55":0,"56":0,"57":0,"58":0},"f":{"0":0,"1":0,"2":0,"3":0,"4":0,"5":0,"6":0,"7":0,"8":0,"9":0,"10":0,"11":0,"12":0,"13":0,"14":0,"15":0,"16":0,"17":0,"18":0,"19":0,"20":0,"21":0,"22":0,"23":0,"24":0},"b":{"0":[0,0],"1":[0,0],"2":[0,0],"3":[0,0]}}
,"C:\\TulparsApp\\tulpars-app\\src\\components\\AmountSelector.jsx": {"path":"C:\\TulparsApp\\tulpars-app\\src\\components\\AmountSelector.jsx","statementMap":{"0":{"start":{"line":1,"column":23},"end":{"line":1,"column":42}},"1":{"start":{"line":4,"column":2},"end":{"line":26,"column":4}},"2":{"start":{"line":7,"column":8},"end":{"line":23,"column":17}},"3":{"start":{"line":9,"column":25},"end":{"line":9,"column":47}}},"fnMap":{"0":{"name":"AmountSelector","decl":{"start":{"line":3,"column":9},"end":{"line":3,"column":23}},"loc":{"start":{"line":3,"column":60},"end":{"line":27,"column":1}},"line":3},"1":{"name":"(anonymous_1)","decl":{"start":{"line":6,"column":26},"end":{"line":6,"column":27}},"loc":{"start":{"line":7,"column":8},"end":{"line":23,"column":17}},"line":7},"2":{"name":"(anonymous_2)","decl":{"start":{"line":9,"column":19},"end":{"line":9,"column":20}},"loc":{"start":{"line":9,"column":25},"end":{"line":9,"column":47}},"line":9}},"branchMap":{"0":{"loc":{"start":{"line":12,"column":14},"end":{"line":14,"column":86}},"type":"cond-expr","locations":[{"start":{"line":13,"column":16},"end":{"line":13,"column":78}},{"start":{"line":14,"column":16},"end":{"line":14,"column":86}}],"line":12},"1":{"loc":{"start":{"line":20,"column":11},"end":{"line":22,"column":11}},"type":"binary-expr","locations":[{"start":{"line":20,"column":11},"end":{"line":20,"column":36}},{"start":{"line":21,"column":12},"end":{"line":21,"column":97}}],"line":20}},"s":{"0":0,"1":0,"2":0,"3":0},"f":{"0":0,"1":0,"2":0},"b":{"0":[0,0],"1":[0,0]}}
,"C:\\TulparsApp\\tulpars-app\\src\\components\\Auth.jsx": {"path":"C:\\TulparsApp\\tulpars-app\\src\\components\\Auth.jsx","statementMap":{"0":{"start":{"line":7,"column":19},"end":{"line":7,"column":32}},"1":{"start":{"line":8,"column":20},"end":{"line":8,"column":29}},"2":{"start":{"line":9,"column":32},"end":{"line":9,"column":46}},"3":{"start":{"line":10,"column":42},"end":{"line":10,"column":57}},"4":{"start":{"line":11,"column":28},"end":{"line":11,"column":40}},"5":{"start":{"line":12,"column":36},"end":{"line":12,"column":51}},"6":{"start":{"line":13,"column":34},"end":{"line":19,"column":4}},"7":{"start":{"line":21,"column":28},"end":{"line":26,"column":3}},"8":{"start":{"line":22,"column":4},"end":{"line":25,"column":7}},"9":{"start":{"line":28,"column":23},"end":{"line":62,"column":3}},"10":{"start":{"line":29,"column":4},"end":{"line":29,"column":23}},"11":{"start":{"line":30,"column":4},"end":{"line":30,"column":17}},"12":{"start":{"line":31,"column":4},"end":{"line":31,"column":23}},"13":{"start":{"line":33,"column":4},"end":{"line":61,"column":5}},"14":{"start":{"line":34,"column":6},"end":{"line":56,"column":7}},"15":{"start":{"line":36,"column":23},"end":{"line":36,"column":69}},"16":{"start":{"line":37,"column":8},"end":{"line":41,"column":9}},"17":{"start":{"line":38,"column":10},"end":{"line":38,"column":28}},"18":{"start":{"line":40,"column":10},"end":{"line":40,"column":54}},"19":{"start":{"line":44,"column":8},"end":{"line":55,"column":9}},"20":{"start":{"line":47,"column":25},"end":{"line":47,"column":71}},"21":{"start":{"line":48,"column":10},"end":{"line":52,"column":11}},"22":{"start":{"line":49,"column":12},"end":{"line":49,"column":30}},"23":{"start":{"line":51,"column":12},"end":{"line":51,"column":55}},"24":{"start":{"line":54,"column":10},"end":{"line":54,"column":89}},"25":{"start":{"line":58,"column":6},"end":{"line":58,"column":58}},"26":{"start":{"line":60,"column":6},"end":{"line":60,"column":26}},"27":{"start":{"line":64,"column":2},"end":{"line":231,"column":4}},"28":{"start":{"line":170,"column":33},"end":{"line":170,"column":63}},"29":{"start":{"line":219,"column":29},"end":{"line":219,"column":49}}},"fnMap":{"0":{"name":"Auth","decl":{"start":{"line":6,"column":9},"end":{"line":6,"column":13}},"loc":{"start":{"line":6,"column":16},"end":{"line":232,"column":1}},"line":6},"1":{"name":"(anonymous_1)","decl":{"start":{"line":21,"column":28},"end":{"line":21,"column":29}},"loc":{"start":{"line":21,"column":35},"end":{"line":26,"column":3}},"line":21},"2":{"name":"(anonymous_2)","decl":{"start":{"line":28,"column":23},"end":{"line":28,"column":24}},"loc":{"start":{"line":28,"column":36},"end":{"line":62,"column":3}},"line":28},"3":{"name":"(anonymous_3)","decl":{"start":{"line":170,"column":27},"end":{"line":170,"column":28}},"loc":{"start":{"line":170,"column":33},"end":{"line":170,"column":63}},"line":170},"4":{"name":"(anonymous_4)","decl":{"start":{"line":219,"column":23},"end":{"line":219,"column":24}},"loc":{"start":{"line":219,"column":29},"end":{"line":219,"column":49}},"line":219}},"branchMap":{"0":{"loc":{"start":{"line":34,"column":6},"end":{"line":56,"column":7}},"type":"if","locations":[{"start":{"line":34,"column":6},"end":{"line":56,"column":7}},{"start":{"line":42,"column":13},"end":{"line":56,"column":7}}],"line":34},"1":{"loc":{"start":{"line":37,"column":8},"end":{"line":41,"column":9}},"type":"if","locations":[{"start":{"line":37,"column":8},"end":{"line":41,"column":9}},{"start":{"line":39,"column":15},"end":{"line":41,"column":9}}],"line":37},"2":{"loc":{"start":{"line":40,"column":19},"end":{"line":40,"column":52}},"type":"binary-expr","locations":[{"start":{"line":40,"column":19},"end":{"line":40,"column":31}},{"start":{"line":40,"column":35},"end":{"line":40,"column":52}}],"line":40},"3":{"loc":{"start":{"line":44,"column":8},"end":{"line":55,"column":9}},"type":"if","locations":[{"start":{"line":44,"column":8},"end":{"line":55,"column":9}},{"start":{"line":53,"column":15},"end":{"line":55,"column":9}}],"line":44},"4":{"loc":{"start":{"line":44,"column":12},"end":{"line":45,"column":58}},"type":"binary-expr","locations":[{"start":{"line":44,"column":12},"end":{"line":44,"column":26}},{"start":{"line":44,"column":30},"end":{"line":44,"column":47}},{"start":{"line":44,"column":51},"end":{"line":44,"column":75}},{"start":{"line":45,"column":12},"end":{"line":45,"column":58}}],"line":44},"5":{"loc":{"start":{"line":48,"column":10},"end":{"line":52,"column":11}},"type":"if","locations":[{"start":{"line":48,"column":10},"end":{"line":52,"column":11}},{"start":{"line":50,"column":17},"end":{"line":52,"column":11}}],"line":48},"6":{"loc":{"start":{"line":76,"column":13},"end":{"line":76,"column":64}},"type":"cond-expr","locations":[{"start":{"line":76,"column":23},"end":{"line":76,"column":44}},{"start":{"line":76,"column":47},"end":{"line":76,"column":64}}],"line":76},"7":{"loc":{"start":{"line":79,"column":13},"end":{"line":81,"column":66}},"type":"cond-expr","locations":[{"start":{"line":80,"column":16},"end":{"line":80,"column":67}},{"start":{"line":81,"column":16},"end":{"line":81,"column":66}}],"line":79},"8":{"loc":{"start":{"line":88,"column":11},"end":{"line":92,"column":11}},"type":"binary-expr","locations":[{"start":{"line":88,"column":11},"end":{"line":88,"column":16}},{"start":{"line":89,"column":12},"end":{"line":91,"column":18}}],"line":88},"9":{"loc":{"start":{"line":95,"column":13},"end":{"line":133,"column":13}},"type":"binary-expr","locations":[{"start":{"line":95,"column":13},"end":{"line":95,"column":21}},{"start":{"line":96,"column":14},"end":{"line":132,"column":17}}],"line":95},"10":{"loc":{"start":{"line":160,"column":24},"end":{"line":160,"column":58}},"type":"cond-expr","locations":[{"start":{"line":160,"column":39},"end":{"line":160,"column":45}},{"start":{"line":160,"column":48},"end":{"line":160,"column":58}}],"line":160},"11":{"loc":{"start":{"line":173,"column":19},"end":{"line":173,"column":94}},"type":"cond-expr","locations":[{"start":{"line":173,"column":34},"end":{"line":173,"column":64}},{"start":{"line":173,"column":67},"end":{"line":173,"column":94}}],"line":173},"12":{"loc":{"start":{"line":178,"column":13},"end":{"line":196,"column":13}},"type":"binary-expr","locations":[{"start":{"line":178,"column":13},"end":{"line":178,"column":21}},{"start":{"line":179,"column":14},"end":{"line":195,"column":20}}],"line":178},"13":{"loc":{"start":{"line":186,"column":26},"end":{"line":186,"column":60}},"type":"cond-expr","locations":[{"start":{"line":186,"column":41},"end":{"line":186,"column":47}},{"start":{"line":186,"column":50},"end":{"line":186,"column":60}}],"line":186},"14":{"loc":{"start":{"line":203,"column":15},"end":{"line":203,"column":88}},"type":"cond-expr","locations":[{"start":{"line":203,"column":27},"end":{"line":203,"column":43}},{"start":{"line":203,"column":47},"end":{"line":203,"column":87}}],"line":203},"15":{"loc":{"start":{"line":203,"column":47},"end":{"line":203,"column":87}},"type":"cond-expr","locations":[{"start":{"line":203,"column":57},"end":{"line":203,"column":71}},{"start":{"line":203,"column":74},"end":{"line":203,"column":87}}],"line":203},"16":{"loc":{"start":{"line":222,"column":15},"end":{"line":224,"column":58}},"type":"cond-expr","locations":[{"start":{"line":223,"column":18},"end":{"line":223,"column":51}},{"start":{"line":224,"column":18},"end":{"line":224,"column":58}}],"line":222}},"s":{"0":0,"1":0,"2":0,"3":0,"4":0,"5":0,"6":0,"7":0,"8":0,"9":0,"10":0,"11":0,"12":0,"13":0,"14":0,"15":0,"16":0,"17":0,"18":0,"19":0,"20":0,"21":0,"22":0,"23":0,"24":0,"25":0,"26":0,"27":0,"28":0,"29":0},"f":{"0":0,"1":0,"2":0,"3":0,"4":0},"b":{"0":[0,0],"1":[0,0],"2":[0,0],"3":[0,0],"4":[0,0,0,0],"5":[0,0],"6":[0,0],"7":[0,0],"8":[0,0],"9":[0,0],"10":[0,0],"11":[0,0],"12":[0,0],"13":[0,0],"14":[0,0],"15":[0,0],"16":[0,0]}}
,"C:\\TulparsApp\\tulpars-app\\src\\components\\Catalog.jsx": {"path":"C:\\TulparsApp\\tulpars-app\\src\\components\\Catalog.jsx","statementMap":{"0":{"start":{"line":18,"column":19},"end":{"line":18,"column":32}},"1":{"start":{"line":19,"column":19},"end":{"line":19,"column":32}},"2":{"start":{"line":20,"column":38},"end":{"line":20,"column":50}},"3":{"start":{"line":21,"column":50},"end":{"line":21,"column":65}},"4":{"start":{"line":24,"column":22},"end":{"line":24,"column":53}},"5":{"start":{"line":26,"column":22},"end":{"line":123,"column":3}},"6":{"start":{"line":125,"column":25},"end":{"line":125,"column":70}},"7":{"start":{"line":126,"column":15},"end":{"line":126,"column":34}},"8":{"start":{"line":128,"column":24},"end":{"line":133,"column":4}},"9":{"start":{"line":129,"column":26},"end":{"line":130,"column":91}},"10":{"start":{"line":131,"column":28},"end":{"line":131,"column":126}},"11":{"start":{"line":132,"column":4},"end":{"line":132,"column":44}},"12":{"start":{"line":135,"column":21},"end":{"line":139,"column":22}},"13":{"start":{"line":141,"column":2},"end":{"line":269,"column":4}},"14":{"start":{"line":148,"column":29},"end":{"line":148,"column":41}},"15":{"start":{"line":172,"column":33},"end":{"line":172,"column":62}},"16":{"start":{"line":180,"column":16},"end":{"line":190,"column":25}},"17":{"start":{"line":182,"column":33},"end":{"line":182,"column":62}},"18":{"start":{"line":199,"column":12},"end":{"line":256,"column":18}}},"fnMap":{"0":{"name":"Catalog","decl":{"start":{"line":17,"column":9},"end":{"line":17,"column":16}},"loc":{"start":{"line":17,"column":19},"end":{"line":270,"column":1}},"line":17},"1":{"name":"(anonymous_1)","decl":{"start":{"line":128,"column":52},"end":{"line":128,"column":53}},"loc":{"start":{"line":128,"column":60},"end":{"line":133,"column":3}},"line":128},"2":{"name":"(anonymous_2)","decl":{"start":{"line":148,"column":23},"end":{"line":148,"column":24}},"loc":{"start":{"line":148,"column":29},"end":{"line":148,"column":41}},"line":148},"3":{"name":"(anonymous_3)","decl":{"start":{"line":172,"column":26},"end":{"line":172,"column":27}},"loc":{"start":{"line":172,"column":33},"end":{"line":172,"column":62}},"line":172},"4":{"name":"(anonymous_4)","decl":{"start":{"line":179,"column":30},"end":{"line":179,"column":31}},"loc":{"start":{"line":180,"column":16},"end":{"line":190,"column":25}},"line":180},"5":{"name":"(anonymous_5)","decl":{"start":{"line":182,"column":27},"end":{"line":182,"column":28}},"loc":{"start":{"line":182,"column":33},"end":{"line":182,"column":62}},"line":182},"6":{"name":"(anonymous_6)","decl":{"start":{"line":198,"column":29},"end":{"line":198,"column":30}},"loc":{"start":{"line":199,"column":12},"end":{"line":256,"column":18}},"line":199}},"branchMap":{"0":{"loc":{"start":{"line":125,"column":25},"end":{"line":125,"column":70}},"type":"binary-expr","locations":[{"start":{"line":125,"column":25},"end":{"line":125,"column":49}},{"start":{"line":125,"column":53},"end":{"line":125,"column":70}}],"line":125},"1":{"loc":{"start":{"line":129,"column":26},"end":{"line":130,"column":91}},"type":"binary-expr","locations":[{"start":{"line":129,"column":26},"end":{"line":129,"column":86}},{"start":{"line":130,"column":25},"end":{"line":130,"column":91}}],"line":129},"2":{"loc":{"start":{"line":131,"column":28},"end":{"line":131,"column":126}},"type":"binary-expr","locations":[{"start":{"line":131,"column":28},"end":{"line":131,"column":54}},{"start":{"line":131,"column":58},"end":{"line":131,"column":92}},{"start":{"line":131,"column":96},"end":{"line":131,"column":126}}],"line":131},"3":{"loc":{"start":{"line":132,"column":11},"end":{"line":132,"column":43}},"type":"binary-expr","locations":[{"start":{"line":132,"column":11},"end":{"line":132,"column":24}},{"start":{"line":132,"column":28},"end":{"line":132,"column":43}}],"line":132},"4":{"loc":{"start":{"line":135,"column":21},"end":{"line":139,"column":22}},"type":"cond-expr","locations":[{"start":{"line":136,"column":6},"end":{"line":136,"column":42}},{"start":{"line":137,"column":6},"end":{"line":139,"column":22}}],"line":135},"5":{"loc":{"start":{"line":137,"column":6},"end":{"line":139,"column":22}},"type":"cond-expr","locations":[{"start":{"line":138,"column":6},"end":{"line":138,"column":33}},{"start":{"line":139,"column":6},"end":{"line":139,"column":22}}],"line":137},"6":{"loc":{"start":{"line":184,"column":20},"end":{"line":186,"column":78}},"type":"cond-expr","locations":[{"start":{"line":185,"column":24},"end":{"line":185,"column":47}},{"start":{"line":186,"column":24},"end":{"line":186,"column":78}}],"line":184},"7":{"loc":{"start":{"line":189,"column":19},"end":{"line":189,"column":57}},"type":"cond-expr","locations":[{"start":{"line":189,"column":40},"end":{"line":189,"column":46}},{"start":{"line":189,"column":49},"end":{"line":189,"column":57}}],"line":189},"8":{"loc":{"start":{"line":207,"column":75},"end":{"line":207,"column":98}},"type":"binary-expr","locations":[{"start":{"line":207,"column":75},"end":{"line":207,"column":85}},{"start":{"line":207,"column":89},"end":{"line":207,"column":98}}],"line":207},"9":{"loc":{"start":{"line":211,"column":25},"end":{"line":216,"column":25}},"type":"binary-expr","locations":[{"start":{"line":211,"column":25},"end":{"line":211,"column":38}},{"start":{"line":212,"column":26},"end":{"line":215,"column":33}}],"line":211},"10":{"loc":{"start":{"line":217,"column":25},"end":{"line":222,"column":25}},"type":"binary-expr","locations":[{"start":{"line":217,"column":25},"end":{"line":217,"column":34}},{"start":{"line":218,"column":26},"end":{"line":221,"column":33}}],"line":217},"11":{"loc":{"start":{"line":223,"column":25},"end":{"line":228,"column":25}},"type":"binary-expr","locations":[{"start":{"line":223,"column":25},"end":{"line":223,"column":34}},{"start":{"line":224,"column":26},"end":{"line":227,"column":33}}],"line":223},"12":{"loc":{"start":{"line":229,"column":25},"end":{"line":234,"column":25}},"type":"binary-expr","locations":[{"start":{"line":229,"column":25},"end":{"line":229,"column":42}},{"start":{"line":230,"column":26},"end":{"line":233,"column":33}}],"line":229},"13":{"loc":{"start":{"line":235,"column":25},"end":{"line":243,"column":25}},"type":"binary-expr","locations":[{"start":{"line":235,"column":25},"end":{"line":235,"column":40}},{"start":{"line":236,"column":26},"end":{"line":242,"column":33}}],"line":235},"14":{"loc":{"start":{"line":237,"column":28},"end":{"line":239,"column":53}},"type":"cond-expr","locations":[{"start":{"line":237,"column":58},"end":{"line":237,"column":87}},{"start":{"line":238,"column":28},"end":{"line":239,"column":53}}],"line":237},"15":{"loc":{"start":{"line":238,"column":28},"end":{"line":239,"column":53}},"type":"cond-expr","locations":[{"start":{"line":238,"column":57},"end":{"line":238,"column":88}},{"start":{"line":239,"column":28},"end":{"line":239,"column":53}}],"line":238},"16":{"loc":{"start":{"line":244,"column":25},"end":{"line":250,"column":25}},"type":"binary-expr","locations":[{"start":{"line":244,"column":25},"end":{"line":244,"column":36}},{"start":{"line":245,"column":26},"end":{"line":249,"column":33}}],"line":244},"17":{"loc":{"start":{"line":246,"column":28},"end":{"line":246,"column":113}},"type":"cond-expr","locations":[{"start":{"line":246,"column":54},"end":{"line":246,"column":83}},{"start":{"line":246,"column":86},"end":{"line":246,"column":113}}],"line":246},"18":{"loc":{"start":{"line":259,"column":11},"end":{"line":265,"column":11}},"type":"binary-expr","locations":[{"start":{"line":259,"column":11},"end":{"line":259,"column":37}},{"start":{"line":260,"column":12},"end":{"line":264,"column":18}}],"line":259}},"s":{"0":0,"1":0,"2":0,"3":0,"4":0,"5":0,"6":0,"7":0,"8":0,"9":0,"10":0,"11":0,"12":0,"13":0,"14":0,"15":0,"16":0,"17":0,"18":0},"f":{"0":0,"1":0,"2":0,"3":0,"4":0,"5":0,"6":0},"b":{"0":[0,0],"1":[0,0],"2":[0,0,0],"3":[0,0],"4":[0,0],"5":[0,0],"6":[0,0],"7":[0,0],"8":[0,0],"9":[0,0],"10":[0,0],"11":[0,0],"12":[0,0],"13":[0,0],"14":[0,0],"15":[0,0],"16":[0,0],"17":[0,0],"18":[0,0]}}
,"C:\\TulparsApp\\tulpars-app\\src\\components\\CertificateDetails.jsx": {"path":"C:\\TulparsApp\\tulpars-app\\src\\components\\CertificateDetails.jsx","statementMap":{"0":{"start":{"line":17,"column":19},"end":{"line":17,"column":32}},"1":{"start":{"line":18,"column":17},"end":{"line":18,"column":28}},"2":{"start":{"line":21,"column":26},"end":{"line":48,"column":3}},"3":{"start":{"line":50,"column":25},"end":{"line":53,"column":3}},"4":{"start":{"line":52,"column":4},"end":{"line":52,"column":46}},"5":{"start":{"line":55,"column":22},"end":{"line":65,"column":3}},"6":{"start":{"line":56,"column":4},"end":{"line":64,"column":5}},"7":{"start":{"line":57,"column":6},"end":{"line":61,"column":9}},"8":{"start":{"line":63,"column":6},"end":{"line":63,"column":58}},"9":{"start":{"line":67,"column":25},"end":{"line":74,"column":3}},"10":{"start":{"line":68,"column":4},"end":{"line":73,"column":5}},"11":{"start":{"line":69,"column":21},"end":{"line":69,"column":58}},"12":{"start":{"line":70,"column":22},"end":{"line":70,"column":55}},"13":{"start":{"line":71,"column":22},"end":{"line":71,"column":57}},"14":{"start":{"line":72,"column":15},"end":{"line":72,"column":50}},"15":{"start":{"line":76,"column":25},"end":{"line":81,"column":3}},"16":{"start":{"line":77,"column":23},"end":{"line":77,"column":59}},"17":{"start":{"line":78,"column":16},"end":{"line":78,"column":26}},"18":{"start":{"line":79,"column":28},"end":{"line":79,"column":81}},"19":{"start":{"line":80,"column":4},"end":{"line":80,"column":56}},"20":{"start":{"line":83,"column":2},"end":{"line":262,"column":4}},"21":{"start":{"line":91,"column":31},"end":{"line":91,"column":43}},"22":{"start":{"line":209,"column":14},"end":{"line":212,"column":20}}},"fnMap":{"0":{"name":"CertificateDetails","decl":{"start":{"line":16,"column":9},"end":{"line":16,"column":27}},"loc":{"start":{"line":16,"column":30},"end":{"line":263,"column":1}},"line":16},"1":{"name":"(anonymous_1)","decl":{"start":{"line":50,"column":25},"end":{"line":50,"column":26}},"loc":{"start":{"line":50,"column":31},"end":{"line":53,"column":3}},"line":50},"2":{"name":"(anonymous_2)","decl":{"start":{"line":55,"column":22},"end":{"line":55,"column":23}},"loc":{"start":{"line":55,"column":28},"end":{"line":65,"column":3}},"line":55},"3":{"name":"(anonymous_3)","decl":{"start":{"line":67,"column":25},"end":{"line":67,"column":26}},"loc":{"start":{"line":67,"column":37},"end":{"line":74,"column":3}},"line":67},"4":{"name":"(anonymous_4)","decl":{"start":{"line":76,"column":25},"end":{"line":76,"column":26}},"loc":{"start":{"line":76,"column":31},"end":{"line":81,"column":3}},"line":76},"5":{"name":"(anonymous_5)","decl":{"start":{"line":91,"column":25},"end":{"line":91,"column":26}},"loc":{"start":{"line":91,"column":31},"end":{"line":91,"column":43}},"line":91},"6":{"name":"(anonymous_6)","decl":{"start":{"line":208,"column":40},"end":{"line":208,"column":41}},"loc":{"start":{"line":209,"column":14},"end":{"line":212,"column":20}},"line":209}},"branchMap":{"0":{"loc":{"start":{"line":56,"column":4},"end":{"line":64,"column":5}},"type":"if","locations":[{"start":{"line":56,"column":4},"end":{"line":64,"column":5}},{"start":{"line":62,"column":11},"end":{"line":64,"column":5}}],"line":56},"1":{"loc":{"start":{"line":68,"column":4},"end":{"line":73,"column":5}},"type":"switch","locations":[{"start":{"line":69,"column":6},"end":{"line":69,"column":58}},{"start":{"line":70,"column":6},"end":{"line":70,"column":55}},{"start":{"line":71,"column":6},"end":{"line":71,"column":57}},{"start":{"line":72,"column":6},"end":{"line":72,"column":50}}],"line":68},"2":{"loc":{"start":{"line":80,"column":11},"end":{"line":80,"column":55}},"type":"binary-expr","locations":[{"start":{"line":80,"column":11},"end":{"line":80,"column":32}},{"start":{"line":80,"column":36},"end":{"line":80,"column":55}}],"line":80},"3":{"loc":{"start":{"line":118,"column":13},"end":{"line":119,"column":85}},"type":"cond-expr","locations":[{"start":{"line":118,"column":51},"end":{"line":118,"column":58}},{"start":{"line":119,"column":13},"end":{"line":119,"column":85}}],"line":118},"4":{"loc":{"start":{"line":119,"column":13},"end":{"line":119,"column":85}},"type":"cond-expr","locations":[{"start":{"line":119,"column":52},"end":{"line":119,"column":67}},{"start":{"line":119,"column":70},"end":{"line":119,"column":85}}],"line":119},"5":{"loc":{"start":{"line":122,"column":11},"end":{"line":127,"column":11}},"type":"binary-expr","locations":[{"start":{"line":122,"column":11},"end":{"line":122,"column":27}},{"start":{"line":123,"column":12},"end":{"line":126,"column":18}}],"line":122},"6":{"loc":{"start":{"line":247,"column":9},"end":{"line":259,"column":9}},"type":"binary-expr","locations":[{"start":{"line":247,"column":9},"end":{"line":247,"column":44}},{"start":{"line":248,"column":10},"end":{"line":258,"column":16}}],"line":247}},"s":{"0":0,"1":0,"2":0,"3":0,"4":0,"5":0,"6":0,"7":0,"8":0,"9":0,"10":0,"11":0,"12":0,"13":0,"14":0,"15":0,"16":0,"17":0,"18":0,"19":0,"20":0,"21":0,"22":0},"f":{"0":0,"1":0,"2":0,"3":0,"4":0,"5":0,"6":0},"b":{"0":[0,0],"1":[0,0,0,0],"2":[0,0],"3":[0,0],"4":[0,0],"5":[0,0],"6":[0,0]}}
,"C:\\TulparsApp\\tulpars-app\\src\\components\\Certificates.jsx": {"path":"C:\\TulparsApp\\tulpars-app\\src\\components\\Certificates.jsx","statementMap":{"0":{"start":{"line":4,"column":2},"end":{"line":27,"column":4}},"1":{"start":{"line":10,"column":10},"end":{"line":23,"column":16}}},"fnMap":{"0":{"name":"Certificates","decl":{"start":{"line":3,"column":9},"end":{"line":3,"column":21}},"loc":{"start":{"line":3,"column":40},"end":{"line":28,"column":1}},"line":3},"1":{"name":"(anonymous_1)","decl":{"start":{"line":9,"column":26},"end":{"line":9,"column":27}},"loc":{"start":{"line":10,"column":10},"end":{"line":23,"column":16}},"line":10}},"branchMap":{},"s":{"0":0,"1":0},"f":{"0":0,"1":0},"b":{}}
,"C:\\TulparsApp\\tulpars-app\\src\\components\\DonationForm.jsx": {"path":"C:\\TulparsApp\\tulpars-app\\src\\components\\DonationForm.jsx","statementMap":{"0":{"start":{"line":9,"column":46},"end":{"line":9,"column":59}},"1":{"start":{"line":10,"column":42},"end":{"line":10,"column":54}},"2":{"start":{"line":11,"column":36},"end":{"line":11,"column":56}},"3":{"start":{"line":13,"column":29},"end":{"line":16,"column":3}},"4":{"start":{"line":14,"column":4},"end":{"line":14,"column":30}},"5":{"start":{"line":15,"column":4},"end":{"line":15,"column":24}},"6":{"start":{"line":18,"column":35},"end":{"line":24,"column":3}},"7":{"start":{"line":19,"column":18},"end":{"line":19,"column":32}},"8":{"start":{"line":20,"column":4},"end":{"line":20,"column":27}},"9":{"start":{"line":21,"column":4},"end":{"line":23,"column":5}},"10":{"start":{"line":22,"column":6},"end":{"line":22,"column":48}},"11":{"start":{"line":26,"column":2},"end":{"line":118,"column":4}}},"fnMap":{"0":{"name":"DonationForm","decl":{"start":{"line":8,"column":9},"end":{"line":8,"column":21}},"loc":{"start":{"line":8,"column":24},"end":{"line":119,"column":1}},"line":8},"1":{"name":"(anonymous_1)","decl":{"start":{"line":13,"column":29},"end":{"line":13,"column":30}},"loc":{"start":{"line":13,"column":41},"end":{"line":16,"column":3}},"line":13},"2":{"name":"(anonymous_2)","decl":{"start":{"line":18,"column":35},"end":{"line":18,"column":36}},"loc":{"start":{"line":18,"column":42},"end":{"line":24,"column":3}},"line":18}},"branchMap":{"0":{"loc":{"start":{"line":21,"column":4},"end":{"line":23,"column":5}},"type":"if","locations":[{"start":{"line":21,"column":4},"end":{"line":23,"column":5}},{"start":{},"end":{}}],"line":21},"1":{"loc":{"start":{"line":22,"column":24},"end":{"line":22,"column":46}},"type":"binary-expr","locations":[{"start":{"line":22,"column":24},"end":{"line":22,"column":41}},{"start":{"line":22,"column":45},"end":{"line":22,"column":46}}],"line":22}},"s":{"0":0,"1":0,"2":0,"3":0,"4":0,"5":0,"6":0,"7":0,"8":0,"9":0,"10":0,"11":0},"f":{"0":0,"1":0,"2":0},"b":{"0":[0,0],"1":[0,0]}}
,"C:\\TulparsApp\\tulpars-app\\src\\components\\EmergencyGuide.jsx": {"path":"C:\\TulparsApp\\tulpars-app\\src\\components\\EmergencyGuide.jsx","statementMap":{"0":{"start":{"line":18,"column":19},"end":{"line":18,"column":32}},"1":{"start":{"line":19,"column":38},"end":{"line":19,"column":50}},"2":{"start":{"line":20,"column":50},"end":{"line":20,"column":65}},"3":{"start":{"line":21,"column":44},"end":{"line":21,"column":63}},"4":{"start":{"line":23,"column":26},"end":{"line":163,"column":3}},"5":{"start":{"line":165,"column":21},"end":{"line":173,"column":3}},"6":{"start":{"line":175,"column":25},"end":{"line":180,"column":4}},"7":{"start":{"line":176,"column":26},"end":{"line":177,"column":87}},"8":{"start":{"line":178,"column":28},"end":{"line":178,"column":93}},"9":{"start":{"line":179,"column":4},"end":{"line":179,"column":44}},"10":{"start":{"line":182,"column":25},"end":{"line":190,"column":3}},"11":{"start":{"line":183,"column":24},"end":{"line":183,"column":46}},"12":{"start":{"line":184,"column":4},"end":{"line":188,"column":5}},"13":{"start":{"line":185,"column":6},"end":{"line":185,"column":29}},"14":{"start":{"line":187,"column":6},"end":{"line":187,"column":26}},"15":{"start":{"line":189,"column":4},"end":{"line":189,"column":34}},"16":{"start":{"line":192,"column":27},"end":{"line":199,"column":3}},"17":{"start":{"line":193,"column":4},"end":{"line":198,"column":5}},"18":{"start":{"line":194,"column":19},"end":{"line":194,"column":52}},"19":{"start":{"line":195,"column":21},"end":{"line":195,"column":60}},"20":{"start":{"line":196,"column":18},"end":{"line":196,"column":55}},"21":{"start":{"line":197,"column":15},"end":{"line":197,"column":50}},"22":{"start":{"line":201,"column":2},"end":{"line":382,"column":4}},"23":{"start":{"line":208,"column":29},"end":{"line":208,"column":41}},"24":{"start":{"line":254,"column":33},"end":{"line":254,"column":62}},"25":{"start":{"line":262,"column":29},"end":{"line":262,"column":42}},"26":{"start":{"line":263,"column":16},"end":{"line":276,"column":18}},"27":{"start":{"line":266,"column":35},"end":{"line":266,"column":70}},"28":{"start":{"line":285,"column":25},"end":{"line":285,"column":35}},"29":{"start":{"line":286,"column":31},"end":{"line":286,"column":58}},"30":{"start":{"line":288,"column":12},"end":{"line":369,"column":14}},"31":{"start":{"line":292,"column":33},"end":{"line":292,"column":57}},"32":{"start":{"line":334,"column":26},"end":{"line":334,"column":53}},"33":{"start":{"line":347,"column":26},"end":{"line":349,"column":33}},"34":{"start":{"line":362,"column":26},"end":{"line":362,"column":56}}},"fnMap":{"0":{"name":"EmergencyGuide","decl":{"start":{"line":17,"column":9},"end":{"line":17,"column":23}},"loc":{"start":{"line":17,"column":26},"end":{"line":383,"column":1}},"line":17},"1":{"name":"(anonymous_1)","decl":{"start":{"line":175,"column":48},"end":{"line":175,"column":49}},"loc":{"start":{"line":175,"column":57},"end":{"line":180,"column":3}},"line":175},"2":{"name":"(anonymous_2)","decl":{"start":{"line":182,"column":25},"end":{"line":182,"column":26}},"loc":{"start":{"line":182,"column":33},"end":{"line":190,"column":3}},"line":182},"3":{"name":"(anonymous_3)","decl":{"start":{"line":192,"column":27},"end":{"line":192,"column":28}},"loc":{"start":{"line":192,"column":41},"end":{"line":199,"column":3}},"line":192},"4":{"name":"(anonymous_4)","decl":{"start":{"line":208,"column":23},"end":{"line":208,"column":24}},"loc":{"start":{"line":208,"column":29},"end":{"line":208,"column":41}},"line":208},"5":{"name":"(anonymous_5)","decl":{"start":{"line":254,"column":26},"end":{"line":254,"column":27}},"loc":{"start":{"line":254,"column":33},"end":{"line":254,"column":62}},"line":254},"6":{"name":"(anonymous_6)","decl":{"start":{"line":261,"column":30},"end":{"line":261,"column":31}},"loc":{"start":{"line":261,"column":44},"end":{"line":277,"column":15}},"line":261},"7":{"name":"(anonymous_7)","decl":{"start":{"line":266,"column":29},"end":{"line":266,"column":30}},"loc":{"start":{"line":266,"column":35},"end":{"line":266,"column":70}},"line":266},"8":{"name":"(anonymous_8)","decl":{"start":{"line":284,"column":30},"end":{"line":284,"column":31}},"loc":{"start":{"line":284,"column":41},"end":{"line":370,"column":11}},"line":284},"9":{"name":"(anonymous_9)","decl":{"start":{"line":292,"column":27},"end":{"line":292,"column":28}},"loc":{"start":{"line":292,"column":33},"end":{"line":292,"column":57}},"line":292},"10":{"name":"(anonymous_10)","decl":{"start":{"line":333,"column":49},"end":{"line":333,"column":50}},"loc":{"start":{"line":334,"column":26},"end":{"line":334,"column":53}},"line":334},"11":{"name":"(anonymous_11)","decl":{"start":{"line":346,"column":52},"end":{"line":346,"column":53}},"loc":{"start":{"line":347,"column":26},"end":{"line":349,"column":33}},"line":347},"12":{"name":"(anonymous_12)","decl":{"start":{"line":361,"column":52},"end":{"line":361,"column":53}},"loc":{"start":{"line":362,"column":26},"end":{"line":362,"column":56}},"line":362}},"branchMap":{"0":{"loc":{"start":{"line":176,"column":26},"end":{"line":177,"column":87}},"type":"binary-expr","locations":[{"start":{"line":176,"column":26},"end":{"line":176,"column":86}},{"start":{"line":177,"column":25},"end":{"line":177,"column":87}}],"line":176},"1":{"loc":{"start":{"line":178,"column":28},"end":{"line":178,"column":93}},"type":"binary-expr","locations":[{"start":{"line":178,"column":28},"end":{"line":178,"column":54}},{"start":{"line":178,"column":58},"end":{"line":178,"column":93}}],"line":178},"2":{"loc":{"start":{"line":179,"column":11},"end":{"line":179,"column":43}},"type":"binary-expr","locations":[{"start":{"line":179,"column":11},"end":{"line":179,"column":24}},{"start":{"line":179,"column":28},"end":{"line":179,"column":43}}],"line":179},"3":{"loc":{"start":{"line":184,"column":4},"end":{"line":188,"column":5}},"type":"if","locations":[{"start":{"line":184,"column":4},"end":{"line":188,"column":5}},{"start":{"line":186,"column":11},"end":{"line":188,"column":5}}],"line":184},"4":{"loc":{"start":{"line":193,"column":4},"end":{"line":198,"column":5}},"type":"switch","locations":[{"start":{"line":194,"column":6},"end":{"line":194,"column":52}},{"start":{"line":195,"column":6},"end":{"line":195,"column":60}},{"start":{"line":196,"column":6},"end":{"line":196,"column":55}},{"start":{"line":197,"column":6},"end":{"line":197,"column":50}}],"line":193},"5":{"loc":{"start":{"line":268,"column":22},"end":{"line":270,"column":80}},"type":"cond-expr","locations":[{"start":{"line":269,"column":26},"end":{"line":269,"column":49}},{"start":{"line":270,"column":26},"end":{"line":270,"column":80}}],"line":268},"6":{"loc":{"start":{"line":296,"column":22},"end":{"line":298,"column":51}},"type":"cond-expr","locations":[{"start":{"line":296,"column":50},"end":{"line":296,"column":75}},{"start":{"line":297,"column":22},"end":{"line":298,"column":51}}],"line":296},"7":{"loc":{"start":{"line":297,"column":22},"end":{"line":298,"column":51}},"type":"cond-expr","locations":[{"start":{"line":297,"column":52},"end":{"line":297,"column":83}},{"start":{"line":298,"column":22},"end":{"line":298,"column":51}}],"line":297},"8":{"loc":{"start":{"line":307,"column":27},"end":{"line":308,"column":83}},"type":"cond-expr","locations":[{"start":{"line":307,"column":55},"end":{"line":307,"column":63}},{"start":{"line":308,"column":27},"end":{"line":308,"column":83}}],"line":307},"9":{"loc":{"start":{"line":308,"column":27},"end":{"line":308,"column":83}},"type":"cond-expr","locations":[{"start":{"line":308,"column":57},"end":{"line":308,"column":65}},{"start":{"line":308,"column":68},"end":{"line":308,"column":83}}],"line":308},"10":{"loc":{"start":{"line":316,"column":21},"end":{"line":320,"column":21}},"type":"cond-expr","locations":[{"start":{"line":317,"column":22},"end":{"line":317,"column":74}},{"start":{"line":319,"column":22},"end":{"line":319,"column":75}}],"line":316},"11":{"loc":{"start":{"line":324,"column":17},"end":{"line":367,"column":17}},"type":"binary-expr","locations":[{"start":{"line":324,"column":17},"end":{"line":324,"column":27}},{"start":{"line":325,"column":18},"end":{"line":366,"column":24}}],"line":324},"12":{"loc":{"start":{"line":372,"column":11},"end":{"line":378,"column":11}},"type":"binary-expr","locations":[{"start":{"line":372,"column":11},"end":{"line":372,"column":38}},{"start":{"line":373,"column":12},"end":{"line":377,"column":18}}],"line":372}},"s":{"0":0,"1":0,"2":0,"3":0,"4":0,"5":0,"6":0,"7":0,"8":0,"9":0,"10":0,"11":0,"12":0,"13":0,"14":0,"15":0,"16":0,"17":0,"18":0,"19":0,"20":0,"21":0,"22":0,"23":0,"24":0,"25":0,"26":0,"27":0,"28":0,"29":0,"30":0,"31":0,"32":0,"33":0,"34":0},"f":{"0":0,"1":0,"2":0,"3":0,"4":0,"5":0,"6":0,"7":0,"8":0,"9":0,"10":0,"11":0,"12":0},"b":{"0":[0,0],"1":[0,0],"2":[0,0],"3":[0,0],"4":[0,0,0,0],"5":[0,0],"6":[0,0],"7":[0,0],"8":[0,0],"9":[0,0],"10":[0,0],"11":[0,0],"12":[0,0]}}
,"C:\\TulparsApp\\tulpars-app\\src\\components\\ErrorBoundary.jsx": {"path":"C:\\TulparsApp\\tulpars-app\\src\\components\\ErrorBoundary.jsx","statementMap":{"0":{"start":{"line":6,"column":4},"end":{"line":6,"column":17}},"1":{"start":{"line":7,"column":4},"end":{"line":7,"column":67}},"2":{"start":{"line":11,"column":4},"end":{"line":11,"column":30}},"3":{"start":{"line":15,"column":4},"end":{"line":15,"column":70}},"4":{"start":{"line":16,"column":4},"end":{"line":19,"column":7}},"5":{"start":{"line":22,"column":16},"end":{"line":24,"column":3}},"6":{"start":{"line":23,"column":4},"end":{"line":23,"column":69}},"7":{"start":{"line":26,"column":17},"end":{"line":28,"column":3}},"8":{"start":{"line":27,"column":4},"end":{"line":27,"column":35}},"9":{"start":{"line":31,"column":4},"end":{"line":86,"column":5}},"10":{"start":{"line":32,"column":6},"end":{"line":85,"column":8}},"11":{"start":{"line":88,"column":4},"end":{"line":88,"column":31}}},"fnMap":{"0":{"name":"(anonymous_0)","decl":{"start":{"line":5,"column":2},"end":{"line":5,"column":3}},"loc":{"start":{"line":5,"column":21},"end":{"line":8,"column":3}},"line":5},"1":{"name":"(anonymous_1)","decl":{"start":{"line":10,"column":2},"end":{"line":10,"column":3}},"loc":{"start":{"line":10,"column":41},"end":{"line":12,"column":3}},"line":10},"2":{"name":"(anonymous_2)","decl":{"start":{"line":14,"column":2},"end":{"line":14,"column":3}},"loc":{"start":{"line":14,"column":38},"end":{"line":20,"column":3}},"line":14},"3":{"name":"(anonymous_3)","decl":{"start":{"line":22,"column":16},"end":{"line":22,"column":17}},"loc":{"start":{"line":22,"column":22},"end":{"line":24,"column":3}},"line":22},"4":{"name":"(anonymous_4)","decl":{"start":{"line":26,"column":17},"end":{"line":26,"column":18}},"loc":{"start":{"line":26,"column":23},"end":{"line":28,"column":3}},"line":26},"5":{"name":"(anonymous_5)","decl":{"start":{"line":30,"column":2},"end":{"line":30,"column":3}},"loc":{"start":{"line":30,"column":11},"end":{"line":89,"column":3}},"line":30}},"branchMap":{"0":{"loc":{"start":{"line":31,"column":4},"end":{"line":86,"column":5}},"type":"if","locations":[{"start":{"line":31,"column":4},"end":{"line":86,"column":5}},{"start":{},"end":{}}],"line":31},"1":{"loc":{"start":{"line":64,"column":15},"end":{"line":81,"column":15}},"type":"binary-expr","locations":[{"start":{"line":64,"column":15},"end":{"line":64,"column":53}},{"start":{"line":64,"column":57},"end":{"line":64,"column":73}},{"start":{"line":65,"column":16},"end":{"line":80,"column":26}}],"line":64}},"s":{"0":0,"1":0,"2":0,"3":0,"4":0,"5":0,"6":0,"7":0,"8":0,"9":0,"10":0,"11":0},"f":{"0":0,"1":0,"2":0,"3":0,"4":0,"5":0},"b":{"0":[0,0],"1":[0,0,0]}}
,"C:\\TulparsApp\\tulpars-app\\src\\components\\EventDetails.jsx": {"path":"C:\\TulparsApp\\tulpars-app\\src\\components\\EventDetails.jsx","statementMap":{"0":{"start":{"line":20,"column":19},"end":{"line":20,"column":32}},"1":{"start":{"line":21,"column":17},"end":{"line":21,"column":28}},"2":{"start":{"line":22,"column":48},"end":{"line":22,"column":63}},"3":{"start":{"line":23,"column":32},"end":{"line":23,"column":47}},"4":{"start":{"line":26,"column":20},"end":{"line":63,"column":3}},"5":{"start":{"line":65,"column":28},"end":{"line":68,"column":3}},"6":{"start":{"line":66,"column":4},"end":{"line":66,"column":41}},"7":{"start":{"line":70,"column":22},"end":{"line":81,"column":3}},"8":{"start":{"line":71,"column":4},"end":{"line":80,"column":5}},"9":{"start":{"line":72,"column":6},"end":{"line":76,"column":9}},"10":{"start":{"line":79,"column":6},"end":{"line":79,"column":58}},"11":{"start":{"line":83,"column":25},"end":{"line":91,"column":3}},"12":{"start":{"line":84,"column":4},"end":{"line":90,"column":5}},"13":{"start":{"line":85,"column":23},"end":{"line":85,"column":58}},"14":{"start":{"line":86,"column":22},"end":{"line":86,"column":59}},"15":{"start":{"line":87,"column":24},"end":{"line":87,"column":59}},"16":{"start":{"line":88,"column":24},"end":{"line":88,"column":57}},"17":{"start":{"line":89,"column":15},"end":{"line":89,"column":50}},"18":{"start":{"line":93,"column":27},"end":{"line":100,"column":3}},"19":{"start":{"line":94,"column":4},"end":{"line":99,"column":5}},"20":{"start":{"line":95,"column":19},"end":{"line":95,"column":52}},"21":{"start":{"line":96,"column":21},"end":{"line":96,"column":60}},"22":{"start":{"line":97,"column":18},"end":{"line":97,"column":55}},"23":{"start":{"line":98,"column":15},"end":{"line":98,"column":50}},"24":{"start":{"line":102,"column":2},"end":{"line":268,"column":4}},"25":{"start":{"line":110,"column":31},"end":{"line":110,"column":43}},"26":{"start":{"line":123,"column":31},"end":{"line":123,"column":51}},"27":{"start":{"line":217,"column":14},"end":{"line":220,"column":19}}},"fnMap":{"0":{"name":"EventDetails","decl":{"start":{"line":19,"column":9},"end":{"line":19,"column":21}},"loc":{"start":{"line":19,"column":24},"end":{"line":269,"column":1}},"line":19},"1":{"name":"(anonymous_1)","decl":{"start":{"line":65,"column":28},"end":{"line":65,"column":29}},"loc":{"start":{"line":65,"column":34},"end":{"line":68,"column":3}},"line":65},"2":{"name":"(anonymous_2)","decl":{"start":{"line":70,"column":22},"end":{"line":70,"column":23}},"loc":{"start":{"line":70,"column":28},"end":{"line":81,"column":3}},"line":70},"3":{"name":"(anonymous_3)","decl":{"start":{"line":83,"column":25},"end":{"line":83,"column":26}},"loc":{"start":{"line":83,"column":37},"end":{"line":91,"column":3}},"line":83},"4":{"name":"(anonymous_4)","decl":{"start":{"line":93,"column":27},"end":{"line":93,"column":28}},"loc":{"start":{"line":93,"column":41},"end":{"line":100,"column":3}},"line":93},"5":{"name":"(anonymous_5)","decl":{"start":{"line":110,"column":25},"end":{"line":110,"column":26}},"loc":{"start":{"line":110,"column":31},"end":{"line":110,"column":43}},"line":110},"6":{"name":"(anonymous_6)","decl":{"start":{"line":123,"column":25},"end":{"line":123,"column":26}},"loc":{"start":{"line":123,"column":31},"end":{"line":123,"column":51}},"line":123},"7":{"name":"(anonymous_7)","decl":{"start":{"line":216,"column":40},"end":{"line":216,"column":41}},"loc":{"start":{"line":217,"column":14},"end":{"line":220,"column":19}},"line":217}},"branchMap":{"0":{"loc":{"start":{"line":71,"column":4},"end":{"line":80,"column":5}},"type":"if","locations":[{"start":{"line":71,"column":4},"end":{"line":80,"column":5}},{"start":{"line":77,"column":11},"end":{"line":80,"column":5}}],"line":71},"1":{"loc":{"start":{"line":84,"column":4},"end":{"line":90,"column":5}},"type":"switch","locations":[{"start":{"line":85,"column":6},"end":{"line":85,"column":58}},{"start":{"line":86,"column":6},"end":{"line":86,"column":59}},{"start":{"line":87,"column":6},"end":{"line":87,"column":59}},{"start":{"line":88,"column":6},"end":{"line":88,"column":57}},{"start":{"line":89,"column":6},"end":{"line":89,"column":50}}],"line":84},"2":{"loc":{"start":{"line":94,"column":4},"end":{"line":99,"column":5}},"type":"switch","locations":[{"start":{"line":95,"column":6},"end":{"line":95,"column":52}},{"start":{"line":96,"column":6},"end":{"line":96,"column":60}},{"start":{"line":97,"column":6},"end":{"line":97,"column":55}},{"start":{"line":98,"column":6},"end":{"line":98,"column":50}}],"line":94},"3":{"loc":{"start":{"line":125,"column":18},"end":{"line":125,"column":96}},"type":"cond-expr","locations":[{"start":{"line":125,"column":28},"end":{"line":125,"column":52}},{"start":{"line":125,"column":55},"end":{"line":125,"column":96}}],"line":125},"4":{"loc":{"start":{"line":128,"column":45},"end":{"line":128,"column":74}},"type":"cond-expr","locations":[{"start":{"line":128,"column":55},"end":{"line":128,"column":69}},{"start":{"line":128,"column":72},"end":{"line":128,"column":74}}],"line":128},"5":{"loc":{"start":{"line":145,"column":13},"end":{"line":147,"column":77}},"type":"cond-expr","locations":[{"start":{"line":145,"column":47},"end":{"line":145,"column":57}},{"start":{"line":146,"column":13},"end":{"line":147,"column":77}}],"line":145},"6":{"loc":{"start":{"line":146,"column":13},"end":{"line":147,"column":77}},"type":"cond-expr","locations":[{"start":{"line":146,"column":46},"end":{"line":146,"column":60}},{"start":{"line":147,"column":13},"end":{"line":147,"column":77}}],"line":146},"7":{"loc":{"start":{"line":147,"column":13},"end":{"line":147,"column":77}},"type":"cond-expr","locations":[{"start":{"line":147,"column":48},"end":{"line":147,"column":60}},{"start":{"line":147,"column":63},"end":{"line":147,"column":77}}],"line":147},"8":{"loc":{"start":{"line":150,"column":13},"end":{"line":151,"column":79}},"type":"cond-expr","locations":[{"start":{"line":150,"column":45},"end":{"line":150,"column":61}},{"start":{"line":151,"column":13},"end":{"line":151,"column":79}}],"line":150},"9":{"loc":{"start":{"line":151,"column":13},"end":{"line":151,"column":79}},"type":"cond-expr","locations":[{"start":{"line":151,"column":47},"end":{"line":151,"column":61}},{"start":{"line":151,"column":64},"end":{"line":151,"column":79}}],"line":151},"10":{"loc":{"start":{"line":230,"column":14},"end":{"line":232,"column":61}},"type":"cond-expr","locations":[{"start":{"line":231,"column":18},"end":{"line":231,"column":62}},{"start":{"line":232,"column":18},"end":{"line":232,"column":61}}],"line":230},"11":{"loc":{"start":{"line":235,"column":13},"end":{"line":245,"column":13}},"type":"cond-expr","locations":[{"start":{"line":236,"column":14},"end":{"line":239,"column":17}},{"start":{"line":241,"column":14},"end":{"line":244,"column":17}}],"line":235}},"s":{"0":0,"1":0,"2":0,"3":0,"4":0,"5":0,"6":0,"7":0,"8":0,"9":0,"10":0,"11":0,"12":0,"13":0,"14":0,"15":0,"16":0,"17":0,"18":0,"19":0,"20":0,"21":0,"22":0,"23":0,"24":0,"25":0,"26":0,"27":0},"f":{"0":0,"1":0,"2":0,"3":0,"4":0,"5":0,"6":0,"7":0},"b":{"0":[0,0],"1":[0,0,0,0,0],"2":[0,0,0,0],"3":[0,0],"4":[0,0],"5":[0,0],"6":[0,0],"7":[0,0],"8":[0,0],"9":[0,0],"10":[0,0],"11":[0,0]}}
,"C:\\TulparsApp\\tulpars-app\\src\\components\\Feedback.jsx": {"path":"C:\\TulparsApp\\tulpars-app\\src\\components\\Feedback.jsx","statementMap":{"0":{"start":{"line":6,"column":19},"end":{"line":6,"column":32}},"1":{"start":{"line":7,"column":34},"end":{"line":12,"column":4}},"2":{"start":{"line":13,"column":42},"end":{"line":13,"column":57}},"3":{"start":{"line":14,"column":36},"end":{"line":14,"column":51}},"4":{"start":{"line":16,"column":21},"end":{"line":22,"column":3}},"5":{"start":{"line":24,"column":23},"end":{"line":26,"column":3}},"6":{"start":{"line":25,"column":4},"end":{"line":25,"column":47}},"7":{"start":{"line":25,"column":25},"end":{"line":25,"column":44}},"8":{"start":{"line":28,"column":23},"end":{"line":46,"column":3}},"9":{"start":{"line":29,"column":4},"end":{"line":29,"column":23}},"10":{"start":{"line":30,"column":4},"end":{"line":30,"column":26}},"11":{"start":{"line":32,"column":4},"end":{"line":45,"column":5}},"12":{"start":{"line":34,"column":6},"end":{"line":34,"column":62}},"13":{"start":{"line":34,"column":35},"end":{"line":34,"column":60}},"14":{"start":{"line":37,"column":6},"end":{"line":37,"column":51}},"15":{"start":{"line":39,"column":6},"end":{"line":39,"column":25}},"16":{"start":{"line":41,"column":6},"end":{"line":41,"column":57}},"17":{"start":{"line":42,"column":6},"end":{"line":42,"column":79}},"18":{"start":{"line":44,"column":6},"end":{"line":44,"column":29}},"19":{"start":{"line":48,"column":2},"end":{"line":70,"column":3}},"20":{"start":{"line":49,"column":4},"end":{"line":69,"column":6}},"21":{"start":{"line":61,"column":29},"end":{"line":61,"column":50}},"22":{"start":{"line":72,"column":2},"end":{"line":201,"column":4}},"23":{"start":{"line":79,"column":29},"end":{"line":79,"column":41}},"24":{"start":{"line":104,"column":18},"end":{"line":117,"column":27}},"25":{"start":{"line":107,"column":35},"end":{"line":107,"column":53}},"26":{"start":{"line":129,"column":18},"end":{"line":143,"column":27}},"27":{"start":{"line":132,"column":35},"end":{"line":132,"column":95}},"28":{"start":{"line":132,"column":56},"end":{"line":132,"column":93}},"29":{"start":{"line":155,"column":33},"end":{"line":155,"column":92}},"30":{"start":{"line":155,"column":54},"end":{"line":155,"column":90}},"31":{"start":{"line":170,"column":33},"end":{"line":170,"column":90}},"32":{"start":{"line":170,"column":54},"end":{"line":170,"column":88}}},"fnMap":{"0":{"name":"Feedback","decl":{"start":{"line":5,"column":9},"end":{"line":5,"column":17}},"loc":{"start":{"line":5,"column":20},"end":{"line":202,"column":1}},"line":5},"1":{"name":"(anonymous_1)","decl":{"start":{"line":24,"column":23},"end":{"line":24,"column":24}},"loc":{"start":{"line":24,"column":35},"end":{"line":26,"column":3}},"line":24},"2":{"name":"(anonymous_2)","decl":{"start":{"line":25,"column":16},"end":{"line":25,"column":17}},"loc":{"start":{"line":25,"column":25},"end":{"line":25,"column":44}},"line":25},"3":{"name":"(anonymous_3)","decl":{"start":{"line":28,"column":23},"end":{"line":28,"column":24}},"loc":{"start":{"line":28,"column":36},"end":{"line":46,"column":3}},"line":28},"4":{"name":"(anonymous_4)","decl":{"start":{"line":34,"column":24},"end":{"line":34,"column":25}},"loc":{"start":{"line":34,"column":35},"end":{"line":34,"column":60}},"line":34},"5":{"name":"(anonymous_5)","decl":{"start":{"line":61,"column":23},"end":{"line":61,"column":24}},"loc":{"start":{"line":61,"column":29},"end":{"line":61,"column":50}},"line":61},"6":{"name":"(anonymous_6)","decl":{"start":{"line":79,"column":23},"end":{"line":79,"column":24}},"loc":{"start":{"line":79,"column":29},"end":{"line":79,"column":41}},"line":79},"7":{"name":"(anonymous_7)","decl":{"start":{"line":103,"column":37},"end":{"line":103,"column":38}},"loc":{"start":{"line":104,"column":18},"end":{"line":117,"column":27}},"line":104},"8":{"name":"(anonymous_8)","decl":{"start":{"line":107,"column":29},"end":{"line":107,"column":30}},"loc":{"start":{"line":107,"column":35},"end":{"line":107,"column":53}},"line":107},"9":{"name":"(anonymous_9)","decl":{"start":{"line":128,"column":32},"end":{"line":128,"column":33}},"loc":{"start":{"line":129,"column":18},"end":{"line":143,"column":27}},"line":129},"10":{"name":"(anonymous_10)","decl":{"start":{"line":132,"column":29},"end":{"line":132,"column":30}},"loc":{"start":{"line":132,"column":35},"end":{"line":132,"column":95}},"line":132},"11":{"name":"(anonymous_11)","decl":{"start":{"line":132,"column":47},"end":{"line":132,"column":48}},"loc":{"start":{"line":132,"column":56},"end":{"line":132,"column":93}},"line":132},"12":{"name":"(anonymous_12)","decl":{"start":{"line":155,"column":26},"end":{"line":155,"column":27}},"loc":{"start":{"line":155,"column":33},"end":{"line":155,"column":92}},"line":155},"13":{"name":"(anonymous_13)","decl":{"start":{"line":155,"column":45},"end":{"line":155,"column":46}},"loc":{"start":{"line":155,"column":54},"end":{"line":155,"column":90}},"line":155},"14":{"name":"(anonymous_14)","decl":{"start":{"line":170,"column":26},"end":{"line":170,"column":27}},"loc":{"start":{"line":170,"column":33},"end":{"line":170,"column":90}},"line":170},"15":{"name":"(anonymous_15)","decl":{"start":{"line":170,"column":45},"end":{"line":170,"column":46}},"loc":{"start":{"line":170,"column":54},"end":{"line":170,"column":88}},"line":170}},"branchMap":{"0":{"loc":{"start":{"line":48,"column":2},"end":{"line":70,"column":3}},"type":"if","locations":[{"start":{"line":48,"column":2},"end":{"line":70,"column":3}},{"start":{},"end":{}}],"line":48},"1":{"loc":{"start":{"line":112,"column":24},"end":{"line":114,"column":46}},"type":"cond-expr","locations":[{"start":{"line":113,"column":28},"end":{"line":113,"column":58}},{"start":{"line":114,"column":28},"end":{"line":114,"column":46}}],"line":112},"2":{"loc":{"start":{"line":134,"column":22},"end":{"line":136,"column":71}},"type":"cond-expr","locations":[{"start":{"line":135,"column":26},"end":{"line":135,"column":68}},{"start":{"line":136,"column":26},"end":{"line":136,"column":71}}],"line":134},"3":{"loc":{"start":{"line":182,"column":24},"end":{"line":182,"column":106}},"type":"binary-expr","locations":[{"start":{"line":182,"column":24},"end":{"line":182,"column":36}},{"start":{"line":182,"column":40},"end":{"line":182,"column":56}},{"start":{"line":182,"column":60},"end":{"line":182,"column":78}},{"start":{"line":182,"column":82},"end":{"line":182,"column":106}}],"line":182},"4":{"loc":{"start":{"line":185,"column":15},"end":{"line":195,"column":15}},"type":"cond-expr","locations":[{"start":{"line":186,"column":16},"end":{"line":189,"column":19}},{"start":{"line":191,"column":16},"end":{"line":194,"column":19}}],"line":185}},"s":{"0":0,"1":0,"2":0,"3":0,"4":0,"5":0,"6":0,"7":0,"8":0,"9":0,"10":0,"11":0,"12":0,"13":0,"14":0,"15":0,"16":0,"17":0,"18":0,"19":0,"20":0,"21":0,"22":0,"23":0,"24":0,"25":0,"26":0,"27":0,"28":0,"29":0,"30":0,"31":0,"32":0},"f":{"0":0,"1":0,"2":0,"3":0,"4":0,"5":0,"6":0,"7":0,"8":0,"9":0,"10":0,"11":0,"12":0,"13":0,"14":0,"15":0},"b":{"0":[0,0],"1":[0,0],"2":[0,0],"3":[0,0,0,0],"4":[0,0]}}
,"C:\\TulparsApp\\tulpars-app\\src\\components\\FrequencySelector.jsx": {"path":"C:\\TulparsApp\\tulpars-app\\src\\components\\FrequencySelector.jsx","statementMap":{"0":{"start":{"line":4,"column":2},"end":{"line":46,"column":4}},"1":{"start":{"line":7,"column":23},"end":{"line":7,"column":52}},"2":{"start":{"line":27,"column":23},"end":{"line":27,"column":51}}},"fnMap":{"0":{"name":"FrequencySelector","decl":{"start":{"line":3,"column":9},"end":{"line":3,"column":26}},"loc":{"start":{"line":3,"column":61},"end":{"line":47,"column":1}},"line":3},"1":{"name":"(anonymous_1)","decl":{"start":{"line":7,"column":17},"end":{"line":7,"column":18}},"loc":{"start":{"line":7,"column":23},"end":{"line":7,"column":52}},"line":7},"2":{"name":"(anonymous_2)","decl":{"start":{"line":27,"column":17},"end":{"line":27,"column":18}},"loc":{"start":{"line":27,"column":23},"end":{"line":27,"column":51}},"line":27}},"branchMap":{"0":{"loc":{"start":{"line":10,"column":12},"end":{"line":12,"column":68}},"type":"cond-expr","locations":[{"start":{"line":11,"column":14},"end":{"line":11,"column":66}},{"start":{"line":12,"column":14},"end":{"line":12,"column":68}}],"line":10},"1":{"loc":{"start":{"line":21,"column":9},"end":{"line":23,"column":9}},"type":"binary-expr","locations":[{"start":{"line":21,"column":9},"end":{"line":21,"column":33}},{"start":{"line":22,"column":10},"end":{"line":22,"column":95}}],"line":21},"2":{"loc":{"start":{"line":30,"column":12},"end":{"line":32,"column":68}},"type":"cond-expr","locations":[{"start":{"line":31,"column":14},"end":{"line":31,"column":66}},{"start":{"line":32,"column":14},"end":{"line":32,"column":68}}],"line":30},"3":{"loc":{"start":{"line":41,"column":9},"end":{"line":43,"column":9}},"type":"binary-expr","locations":[{"start":{"line":41,"column":9},"end":{"line":41,"column":32}},{"start":{"line":42,"column":10},"end":{"line":42,"column":97}}],"line":41}},"s":{"0":0,"1":0,"2":0},"f":{"0":0,"1":0,"2":0},"b":{"0":[0,0],"1":[0,0],"2":[0,0],"3":[0,0]}}
,"C:\\TulparsApp\\tulpars-app\\src\\components\\Help.jsx": {"path":"C:\\TulparsApp\\tulpars-app\\src\\components\\Help.jsx","statementMap":{"0":{"start":{"line":15,"column":19},"end":{"line":15,"column":32}},"1":{"start":{"line":17,"column":19},"end":{"line":34,"column":3}},"2":{"start":{"line":36,"column":25},"end":{"line":61,"column":3}},"3":{"start":{"line":41,"column":20},"end":{"line":41,"column":71}},"4":{"start":{"line":49,"column":20},"end":{"line":49,"column":52}},"5":{"start":{"line":57,"column":20},"end":{"line":57,"column":60}},"6":{"start":{"line":63,"column":21},"end":{"line":82,"column":3}},"7":{"start":{"line":68,"column":20},"end":{"line":68,"column":72}},"8":{"start":{"line":74,"column":20},"end":{"line":74,"column":36}},"9":{"start":{"line":80,"column":20},"end":{"line":80,"column":40}},"10":{"start":{"line":84,"column":2},"end":{"line":222,"column":4}},"11":{"start":{"line":91,"column":29},"end":{"line":91,"column":41}},"12":{"start":{"line":123,"column":14},"end":{"line":133,"column":23}},"13":{"start":{"line":143,"column":14},"end":{"line":153,"column":20}},"14":{"start":{"line":163,"column":14},"end":{"line":178,"column":23}},"15":{"start":{"line":212,"column":31},"end":{"line":212,"column":63}}},"fnMap":{"0":{"name":"Help","decl":{"start":{"line":14,"column":9},"end":{"line":14,"column":13}},"loc":{"start":{"line":14,"column":16},"end":{"line":223,"column":1}},"line":14},"1":{"name":"(anonymous_1)","decl":{"start":{"line":41,"column":14},"end":{"line":41,"column":15}},"loc":{"start":{"line":41,"column":20},"end":{"line":41,"column":71}},"line":41},"2":{"name":"(anonymous_2)","decl":{"start":{"line":49,"column":14},"end":{"line":49,"column":15}},"loc":{"start":{"line":49,"column":20},"end":{"line":49,"column":52}},"line":49},"3":{"name":"(anonymous_3)","decl":{"start":{"line":57,"column":14},"end":{"line":57,"column":15}},"loc":{"start":{"line":57,"column":20},"end":{"line":57,"column":60}},"line":57},"4":{"name":"(anonymous_4)","decl":{"start":{"line":68,"column":14},"end":{"line":68,"column":15}},"loc":{"start":{"line":68,"column":20},"end":{"line":68,"column":72}},"line":68},"5":{"name":"(anonymous_5)","decl":{"start":{"line":74,"column":14},"end":{"line":74,"column":15}},"loc":{"start":{"line":74,"column":20},"end":{"line":74,"column":36}},"line":74},"6":{"name":"(anonymous_6)","decl":{"start":{"line":80,"column":14},"end":{"line":80,"column":15}},"loc":{"start":{"line":80,"column":20},"end":{"line":80,"column":40}},"line":80},"7":{"name":"(anonymous_7)","decl":{"start":{"line":91,"column":23},"end":{"line":91,"column":24}},"loc":{"start":{"line":91,"column":29},"end":{"line":91,"column":41}},"line":91},"8":{"name":"(anonymous_8)","decl":{"start":{"line":122,"column":32},"end":{"line":122,"column":33}},"loc":{"start":{"line":123,"column":14},"end":{"line":133,"column":23}},"line":123},"9":{"name":"(anonymous_9)","decl":{"start":{"line":142,"column":26},"end":{"line":142,"column":27}},"loc":{"start":{"line":143,"column":14},"end":{"line":153,"column":20}},"line":143},"10":{"name":"(anonymous_10)","decl":{"start":{"line":162,"column":28},"end":{"line":162,"column":29}},"loc":{"start":{"line":163,"column":14},"end":{"line":178,"column":23}},"line":163},"11":{"name":"(anonymous_11)","decl":{"start":{"line":212,"column":25},"end":{"line":212,"column":26}},"loc":{"start":{"line":212,"column":31},"end":{"line":212,"column":63}},"line":212}},"branchMap":{},"s":{"0":0,"1":0,"2":0,"3":0,"4":0,"5":0,"6":0,"7":0,"8":0,"9":0,"10":0,"11":0,"12":0,"13":0,"14":0,"15":0},"f":{"0":0,"1":0,"2":0,"3":0,"4":0,"5":0,"6":0,"7":0,"8":0,"9":0,"10":0,"11":0},"b":{}}
,"C:\\TulparsApp\\tulpars-app\\src\\components\\Home.jsx": {"path":"C:\\TulparsApp\\tulpars-app\\src\\components\\Home.jsx","statementMap":{"0":{"start":{"line":21,"column":19},"end":{"line":21,"column":32}},"1":{"start":{"line":23,"column":23},"end":{"line":78,"column":3}},"2":{"start":{"line":80,"column":25},"end":{"line":101,"column":3}},"3":{"start":{"line":103,"column":16},"end":{"line":131,"column":3}},"4":{"start":{"line":133,"column":2},"end":{"line":350,"column":4}},"5":{"start":{"line":151,"column":33},"end":{"line":151,"column":59}},"6":{"start":{"line":158,"column":33},"end":{"line":158,"column":54}},"7":{"start":{"line":164,"column":33},"end":{"line":164,"column":53}},"8":{"start":{"line":196,"column":12},"end":{"line":217,"column":18}},"9":{"start":{"line":231,"column":14},"end":{"line":241,"column":23}},"10":{"start":{"line":233,"column":31},"end":{"line":233,"column":52}},"11":{"start":{"line":251,"column":29},"end":{"line":251,"column":48}},"12":{"start":{"line":261,"column":14},"end":{"line":313,"column":20}},"13":{"start":{"line":341,"column":29},"end":{"line":341,"column":47}}},"fnMap":{"0":{"name":"Home","decl":{"start":{"line":20,"column":9},"end":{"line":20,"column":13}},"loc":{"start":{"line":20,"column":16},"end":{"line":351,"column":1}},"line":20},"1":{"name":"(anonymous_1)","decl":{"start":{"line":151,"column":27},"end":{"line":151,"column":28}},"loc":{"start":{"line":151,"column":33},"end":{"line":151,"column":59}},"line":151},"2":{"name":"(anonymous_2)","decl":{"start":{"line":158,"column":27},"end":{"line":158,"column":28}},"loc":{"start":{"line":158,"column":33},"end":{"line":158,"column":54}},"line":158},"3":{"name":"(anonymous_3)","decl":{"start":{"line":164,"column":27},"end":{"line":164,"column":28}},"loc":{"start":{"line":164,"column":33},"end":{"line":164,"column":53}},"line":164},"4":{"name":"(anonymous_4)","decl":{"start":{"line":195,"column":21},"end":{"line":195,"column":22}},"loc":{"start":{"line":196,"column":12},"end":{"line":217,"column":18}},"line":196},"5":{"name":"(anonymous_5)","decl":{"start":{"line":230,"column":30},"end":{"line":230,"column":31}},"loc":{"start":{"line":231,"column":14},"end":{"line":241,"column":23}},"line":231},"6":{"name":"(anonymous_6)","decl":{"start":{"line":233,"column":25},"end":{"line":233,"column":26}},"loc":{"start":{"line":233,"column":31},"end":{"line":233,"column":52}},"line":233},"7":{"name":"(anonymous_7)","decl":{"start":{"line":251,"column":23},"end":{"line":251,"column":24}},"loc":{"start":{"line":251,"column":29},"end":{"line":251,"column":48}},"line":251},"8":{"name":"(anonymous_8)","decl":{"start":{"line":260,"column":32},"end":{"line":260,"column":33}},"loc":{"start":{"line":261,"column":14},"end":{"line":313,"column":20}},"line":261},"9":{"name":"(anonymous_9)","decl":{"start":{"line":341,"column":23},"end":{"line":341,"column":24}},"loc":{"start":{"line":341,"column":29},"end":{"line":341,"column":47}},"line":341}},"branchMap":{"0":{"loc":{"start":{"line":208,"column":18},"end":{"line":212,"column":49}},"type":"cond-expr","locations":[{"start":{"line":209,"column":22},"end":{"line":209,"column":51}},{"start":{"line":210,"column":22},"end":{"line":212,"column":49}}],"line":208},"1":{"loc":{"start":{"line":210,"column":22},"end":{"line":212,"column":49}},"type":"cond-expr","locations":[{"start":{"line":211,"column":22},"end":{"line":211,"column":47}},{"start":{"line":212,"column":22},"end":{"line":212,"column":49}}],"line":210},"2":{"loc":{"start":{"line":265,"column":22},"end":{"line":269,"column":93}},"type":"cond-expr","locations":[{"start":{"line":266,"column":26},"end":{"line":266,"column":87}},{"start":{"line":267,"column":26},"end":{"line":269,"column":93}}],"line":265},"3":{"loc":{"start":{"line":267,"column":26},"end":{"line":269,"column":93}},"type":"cond-expr","locations":[{"start":{"line":268,"column":26},"end":{"line":268,"column":96}},{"start":{"line":269,"column":26},"end":{"line":269,"column":93}}],"line":267},"4":{"loc":{"start":{"line":292,"column":28},"end":{"line":294,"column":61}},"type":"cond-expr","locations":[{"start":{"line":293,"column":32},"end":{"line":293,"column":59}},{"start":{"line":294,"column":32},"end":{"line":294,"column":61}}],"line":292},"5":{"loc":{"start":{"line":303,"column":26},"end":{"line":307,"column":44}},"type":"cond-expr","locations":[{"start":{"line":304,"column":30},"end":{"line":304,"column":42}},{"start":{"line":305,"column":30},"end":{"line":307,"column":44}}],"line":303},"6":{"loc":{"start":{"line":305,"column":30},"end":{"line":307,"column":44}},"type":"cond-expr","locations":[{"start":{"line":306,"column":30},"end":{"line":306,"column":45}},{"start":{"line":307,"column":30},"end":{"line":307,"column":44}}],"line":305}},"s":{"0":0,"1":0,"2":0,"3":0,"4":0,"5":0,"6":0,"7":0,"8":0,"9":0,"10":0,"11":0,"12":0,"13":0},"f":{"0":0,"1":0,"2":0,"3":0,"4":0,"5":0,"6":0,"7":0,"8":0,"9":0},"b":{"0":[0,0],"1":[0,0],"2":[0,0],"3":[0,0],"4":[0,0],"5":[0,0],"6":[0,0]}}
,"C:\\TulparsApp\\tulpars-app\\src\\components\\LoadingSpinner.jsx": {"path":"C:\\TulparsApp\\tulpars-app\\src\\components\\LoadingSpinner.jsx","statementMap":{"0":{"start":{"line":4,"column":2},"end":{"line":13,"column":4}}},"fnMap":{"0":{"name":"LoadingSpinner","decl":{"start":{"line":3,"column":9},"end":{"line":3,"column":23}},"loc":{"start":{"line":3,"column":55},"end":{"line":14,"column":1}},"line":3}},"branchMap":{"0":{"loc":{"start":{"line":3,"column":26},"end":{"line":3,"column":51}},"type":"default-arg","locations":[{"start":{"line":3,"column":36},"end":{"line":3,"column":51}}],"line":3}},"s":{"0":0},"f":{"0":0},"b":{"0":[0]}}
,"C:\\TulparsApp\\tulpars-app\\src\\components\\News.jsx": {"path":"C:\\TulparsApp\\tulpars-app\\src\\components\\News.jsx","statementMap":{"0":{"start":{"line":16,"column":19},"end":{"line":16,"column":32}},"1":{"start":{"line":17,"column":38},"end":{"line":17,"column":50}},"2":{"start":{"line":18,"column":50},"end":{"line":18,"column":65}},"3":{"start":{"line":20,"column":20},"end":{"line":73,"column":3}},"4":{"start":{"line":75,"column":21},"end":{"line":75,"column":57}},"5":{"start":{"line":77,"column":23},"end":{"line":82,"column":4}},"6":{"start":{"line":78,"column":26},"end":{"line":79,"column":86}},"7":{"start":{"line":80,"column":28},"end":{"line":80,"column":92}},"8":{"start":{"line":81,"column":4},"end":{"line":81,"column":44}},"9":{"start":{"line":84,"column":27},"end":{"line":91,"column":3}},"10":{"start":{"line":85,"column":4},"end":{"line":90,"column":5}},"11":{"start":{"line":86,"column":20},"end":{"line":86,"column":55}},"12":{"start":{"line":87,"column":21},"end":{"line":87,"column":58}},"13":{"start":{"line":88,"column":21},"end":{"line":88,"column":60}},"14":{"start":{"line":89,"column":15},"end":{"line":89,"column":50}},"15":{"start":{"line":93,"column":22},"end":{"line":100,"column":3}},"16":{"start":{"line":94,"column":4},"end":{"line":99,"column":5}},"17":{"start":{"line":95,"column":27},"end":{"line":95,"column":39}},"18":{"start":{"line":96,"column":19},"end":{"line":96,"column":31}},"19":{"start":{"line":97,"column":20},"end":{"line":97,"column":40}},"20":{"start":{"line":98,"column":15},"end":{"line":98,"column":27}},"21":{"start":{"line":102,"column":2},"end":{"line":230,"column":4}},"22":{"start":{"line":109,"column":29},"end":{"line":109,"column":41}},"23":{"start":{"line":133,"column":33},"end":{"line":133,"column":62}},"24":{"start":{"line":141,"column":16},"end":{"line":151,"column":25}},"25":{"start":{"line":143,"column":33},"end":{"line":143,"column":62}},"26":{"start":{"line":160,"column":29},"end":{"line":160,"column":51}},"27":{"start":{"line":161,"column":12},"end":{"line":217,"column":14}}},"fnMap":{"0":{"name":"News","decl":{"start":{"line":15,"column":9},"end":{"line":15,"column":13}},"loc":{"start":{"line":15,"column":16},"end":{"line":231,"column":1}},"line":15},"1":{"name":"(anonymous_1)","decl":{"start":{"line":77,"column":40},"end":{"line":77,"column":41}},"loc":{"start":{"line":77,"column":48},"end":{"line":82,"column":3}},"line":77},"2":{"name":"(anonymous_2)","decl":{"start":{"line":84,"column":27},"end":{"line":84,"column":28}},"loc":{"start":{"line":84,"column":41},"end":{"line":91,"column":3}},"line":84},"3":{"name":"(anonymous_3)","decl":{"start":{"line":93,"column":22},"end":{"line":93,"column":23}},"loc":{"start":{"line":93,"column":32},"end":{"line":100,"column":3}},"line":93},"4":{"name":"(anonymous_4)","decl":{"start":{"line":109,"column":23},"end":{"line":109,"column":24}},"loc":{"start":{"line":109,"column":29},"end":{"line":109,"column":41}},"line":109},"5":{"name":"(anonymous_5)","decl":{"start":{"line":133,"column":26},"end":{"line":133,"column":27}},"loc":{"start":{"line":133,"column":33},"end":{"line":133,"column":62}},"line":133},"6":{"name":"(anonymous_6)","decl":{"start":{"line":140,"column":30},"end":{"line":140,"column":31}},"loc":{"start":{"line":141,"column":16},"end":{"line":151,"column":25}},"line":141},"7":{"name":"(anonymous_7)","decl":{"start":{"line":143,"column":27},"end":{"line":143,"column":28}},"loc":{"start":{"line":143,"column":33},"end":{"line":143,"column":62}},"line":143},"8":{"name":"(anonymous_8)","decl":{"start":{"line":159,"column":28},"end":{"line":159,"column":29}},"loc":{"start":{"line":159,"column":38},"end":{"line":218,"column":11}},"line":159}},"branchMap":{"0":{"loc":{"start":{"line":78,"column":26},"end":{"line":79,"column":86}},"type":"binary-expr","locations":[{"start":{"line":78,"column":26},"end":{"line":78,"column":85}},{"start":{"line":79,"column":25},"end":{"line":79,"column":86}}],"line":78},"1":{"loc":{"start":{"line":80,"column":28},"end":{"line":80,"column":92}},"type":"binary-expr","locations":[{"start":{"line":80,"column":28},"end":{"line":80,"column":54}},{"start":{"line":80,"column":58},"end":{"line":80,"column":92}}],"line":80},"2":{"loc":{"start":{"line":81,"column":11},"end":{"line":81,"column":43}},"type":"binary-expr","locations":[{"start":{"line":81,"column":11},"end":{"line":81,"column":24}},{"start":{"line":81,"column":28},"end":{"line":81,"column":43}}],"line":81},"3":{"loc":{"start":{"line":85,"column":4},"end":{"line":90,"column":5}},"type":"switch","locations":[{"start":{"line":86,"column":6},"end":{"line":86,"column":55}},{"start":{"line":87,"column":6},"end":{"line":87,"column":58}},{"start":{"line":88,"column":6},"end":{"line":88,"column":60}},{"start":{"line":89,"column":6},"end":{"line":89,"column":50}}],"line":85},"4":{"loc":{"start":{"line":94,"column":4},"end":{"line":99,"column":5}},"type":"switch","locations":[{"start":{"line":95,"column":6},"end":{"line":95,"column":39}},{"start":{"line":96,"column":6},"end":{"line":96,"column":31}},{"start":{"line":97,"column":6},"end":{"line":97,"column":40}},{"start":{"line":98,"column":6},"end":{"line":98,"column":27}}],"line":94},"5":{"loc":{"start":{"line":145,"column":20},"end":{"line":147,"column":78}},"type":"cond-expr","locations":[{"start":{"line":146,"column":24},"end":{"line":146,"column":47}},{"start":{"line":147,"column":24},"end":{"line":147,"column":78}}],"line":145},"6":{"loc":{"start":{"line":150,"column":19},"end":{"line":150,"column":101}},"type":"cond-expr","locations":[{"start":{"line":150,"column":40},"end":{"line":150,"column":46}},{"start":{"line":150,"column":49},"end":{"line":150,"column":101}}],"line":150},"7":{"loc":{"start":{"line":165,"column":20},"end":{"line":167,"column":52}},"type":"cond-expr","locations":[{"start":{"line":166,"column":24},"end":{"line":166,"column":85}},{"start":{"line":167,"column":24},"end":{"line":167,"column":52}}],"line":165},"8":{"loc":{"start":{"line":179,"column":27},"end":{"line":183,"column":27}},"type":"binary-expr","locations":[{"start":{"line":179,"column":27},"end":{"line":179,"column":38}},{"start":{"line":180,"column":28},"end":{"line":182,"column":35}}],"line":179},"9":{"loc":{"start":{"line":220,"column":11},"end":{"line":226,"column":11}},"type":"binary-expr","locations":[{"start":{"line":220,"column":11},"end":{"line":220,"column":36}},{"start":{"line":221,"column":12},"end":{"line":225,"column":18}}],"line":220}},"s":{"0":0,"1":0,"2":0,"3":0,"4":0,"5":0,"6":0,"7":0,"8":0,"9":0,"10":0,"11":0,"12":0,"13":0,"14":0,"15":0,"16":0,"17":0,"18":0,"19":0,"20":0,"21":0,"22":0,"23":0,"24":0,"25":0,"26":0,"27":0},"f":{"0":0,"1":0,"2":0,"3":0,"4":0,"5":0,"6":0,"7":0,"8":0},"b":{"0":[0,0],"1":[0,0],"2":[0,0],"3":[0,0,0,0],"4":[0,0,0,0],"5":[0,0],"6":[0,0],"7":[0,0],"8":[0,0],"9":[0,0]}}
[...]
2},"end":{"line":73,"column":66}},{"start":{"line":74,"column":12},"end":{"line":74,"column":72}},{"start":{"line":75,"column":12},"end":{"line":75,"column":70}}],"line":73},"3":{"loc":{"start":{"line":76,"column":10},"end":{"line":78,"column":11}},"type":"if","locations":[{"start":{"line":76,"column":10},"end":{"line":78,"column":11}},{"start":{},"end":{}}],"line":76},"4":{"loc":{"start":{"line":76,"column":14},"end":{"line":76,"column":74}},"type":"binary-expr","locations":[{"start":{"line":76,"column":14},"end":{"line":76,"column":40}},{"start":{"line":76,"column":44},"end":{"line":76,"column":74}}],"line":76},"5":{"loc":{"start":{"line":87,"column":4},"end":{"line":89,"column":5}},"type":"if","locations":[{"start":{"line":87,"column":4},"end":{"line":89,"column":5}},{"start":{},"end":{}}],"line":87},"6":{"loc":{"start":{"line":94,"column":4},"end":{"line":97,"column":5}},"type":"if","locations":[{"start":{"line":94,"column":4},"end":{"line":97,"column":5}},{"start":{},"end":{}}],"line":94},"7":{"loc":{"start":{"line":109,"column":4},"end":{"line":115,"column":5}},"type":"switch","locations":[{"start":{"line":110,"column":6},"end":{"line":110,"column":33}},{"start":{"line":111,"column":6},"end":{"line":111,"column":36}},{"start":{"line":112,"column":6},"end":{"line":112,"column":31}},{"start":{"line":113,"column":6},"end":{"line":113,"column":39}},{"start":{"line":114,"column":6},"end":{"line":114,"column":31}}],"line":109},"8":{"loc":{"start":{"line":119,"column":4},"end":{"line":125,"column":5}},"type":"switch","locations":[{"start":{"line":120,"column":6},"end":{"line":120,"column":54}},{"start":{"line":121,"column":6},"end":{"line":121,"column":57}},{"start":{"line":122,"column":6},"end":{"line":122,"column":58}},{"start":{"line":123,"column":6},"end":{"line":123,"column":65}},{"start":{"line":124,"column":6},"end":{"line":124,"column":50}}],"line":119},"9":{"loc":{"start":{"line":173,"column":22},"end":{"line":175,"column":80}},"type":"cond-expr","locations":[{"start":{"line":174,"column":26},"end":{"line":174,"column":49}},{"start":{"line":175,"column":26},"end":{"line":175,"column":80}}],"line":173},"10":{"loc":{"start":{"line":189,"column":11},"end":{"line":259,"column":11}},"type":"cond-expr","locations":[{"start":{"line":190,"column":12},"end":{"line":242,"column":15}},{"start":{"line":243,"column":14},"end":{"line":259,"column":11}}],"line":189},"11":{"loc":{"start":{"line":209,"column":29},"end":{"line":211,"column":75}},"type":"cond-expr","locations":[{"start":{"line":209,"column":54},"end":{"line":209,"column":61}},{"start":{"line":210,"column":29},"end":{"line":211,"column":75}}],"line":209},"12":{"loc":{"start":{"line":210,"column":29},"end":{"line":211,"column":75}},"type":"cond-expr","locations":[{"start":{"line":210,"column":55},"end":{"line":210,"column":65}},{"start":{"line":211,"column":29},"end":{"line":211,"column":75}}],"line":210},"13":{"loc":{"start":{"line":211,"column":29},"end":{"line":211,"column":75}},"type":"cond-expr","locations":[{"start":{"line":211,"column":54},"end":{"line":211,"column":61}},{"start":{"line":211,"column":64},"end":{"line":211,"column":75}}],"line":211},"14":{"loc":{"start":{"line":224,"column":27},"end":{"line":229,"column":27}},"type":"binary-expr","locations":[{"start":{"line":224,"column":27},"end":{"line":224,"column":42}},{"start":{"line":225,"column":28},"end":{"line":228,"column":35}}],"line":224},"15":{"loc":{"start":{"line":230,"column":27},"end":{"line":235,"column":27}},"type":"binary-expr","locations":[{"start":{"line":230,"column":27},"end":{"line":230,"column":38}},{"start":{"line":231,"column":28},"end":{"line":234,"column":35}}],"line":230},"16":{"loc":{"start":{"line":243,"column":14},"end":{"line":259,"column":11}},"type":"cond-expr","locations":[{"start":{"line":244,"column":12},"end":{"line":250,"column":18}},{"start":{"line":252,"column":12},"end":{"line":258,"column":18}}],"line":243}},"s":{"0":0,"1":0,"2":0,"3":0,"4":0,"5":0,"6":0,"7":0,"8":0,"9":0,"10":0,"11":0,"12":0,"13":0,"14":0,"15":0,"16":0,"17":0,"18":0,"19":0,"20":0,"21":0,"22":0,"23":0,"24":0,"25":0,"26":0,"27":0,"28":0,"29":0,"30":0,"31":0,"32":0,"33":0,"34":0,"35":0,"36":0,"37":0,"38":0,"39":0,"40":0,"41":0,"42":0,"43":0,"44":0},"f":{"0":0,"1":0,"2":0,"3":0,"4":0,"5":0,"6":0,"7":0,"8":0,"9":0,"10":0,"11":0,"12":0},"b":{"0":[0,0],"1":[0,0],"2":[0,0,0],"3":[0,0],"4":[0,0],"5":[0,0],"6":[0,0],"7":[0,0,0,0,0],"8":[0,0,0,0,0],"9":[0,0],"10":[0,0],"11":[0,0],"12":[0,0],"13":[0,0],"14":[0,0],"15":[0,0],"16":[0,0]}}
,"C:\\TulparsApp\\tulpars-app\\src\\components\\SecurityBadge.jsx": {"path":"C:\\TulparsApp\\tulpars-app\\src\\components\\SecurityBadge.jsx","statementMap":{"0":{"start":{"line":4,"column":2},"end":{"line":16,"column":4}}},"fnMap":{"0":{"name":"SecurityBadge","decl":{"start":{"line":3,"column":9},"end":{"line":3,"column":22}},"loc":{"start":{"line":3,"column":25},"end":{"line":17,"column":1}},"line":3}},"branchMap":{},"s":{"0":0},"f":{"0":0},"b":{}}
,"C:\\TulparsApp\\tulpars-app\\src\\components\\Settings.jsx": {"path":"C:\\TulparsApp\\tulpars-app\\src\\components\\Settings.jsx","statementMap":{"0":{"start":{"line":21,"column":19},"end":{"line":21,"column":32}},"1":{"start":{"line":22,"column":21},"end":{"line":22,"column":30}},"2":{"start":{"line":23,"column":34},"end":{"line":29,"column":4}},"3":{"start":{"line":31,"column":30},"end":{"line":36,"column":3}},"4":{"start":{"line":32,"column":4},"end":{"line":35,"column":8}},"5":{"start":{"line":32,"column":25},"end":{"line":35,"column":5}},"6":{"start":{"line":38,"column":23},"end":{"line":41,"column":3}},"7":{"start":{"line":39,"column":4},"end":{"line":39,"column":19}},"8":{"start":{"line":40,"column":4},"end":{"line":40,"column":23}},"9":{"start":{"line":43,"column":24},"end":{"line":116,"column":3}},"10":{"start":{"line":100,"column":24},"end":{"line":100,"column":45}},"11":{"start":{"line":106,"column":24},"end":{"line":106,"column":41}},"12":{"start":{"line":112,"column":24},"end":{"line":112,"column":44}},"13":{"start":{"line":118,"column":2},"end":{"line":238,"column":4}},"14":{"start":{"line":125,"column":29},"end":{"line":125,"column":41}},"15":{"start":{"line":142,"column":10},"end":{"line":199,"column":16}},"16":{"start":{"line":149,"column":16},"end":{"line":196,"column":22}},"17":{"start":{"line":160,"column":39},"end":{"line":160,"column":89}},"18":{"start":{"line":176,"column":41},"end":{"line":176,"column":86}},"19":{"start":{"line":180,"column":26},"end":{"line":182,"column":35}}},"fnMap":{"0":{"name":"Settings","decl":{"start":{"line":20,"column":9},"end":{"line":20,"column":17}},"loc":{"start":{"line":20,"column":20},"end":{"line":239,"column":1}},"line":20},"1":{"name":"(anonymous_1)","decl":{"start":{"line":31,"column":30},"end":{"line":31,"column":31}},"loc":{"start":{"line":31,"column":46},"end":{"line":36,"column":3}},"line":31},"2":{"name":"(anonymous_2)","decl":{"start":{"line":32,"column":16},"end":{"line":32,"column":17}},"loc":{"start":{"line":32,"column":25},"end":{"line":35,"column":5}},"line":32},"3":{"name":"(anonymous_3)","decl":{"start":{"line":38,"column":23},"end":{"line":38,"column":24}},"loc":{"start":{"line":38,"column":35},"end":{"line":41,"column":3}},"line":38},"4":{"name":"(anonymous_4)","decl":{"start":{"line":100,"column":18},"end":{"line":100,"column":19}},"loc":{"start":{"line":100,"column":24},"end":{"line":100,"column":45}},"line":100},"5":{"name":"(anonymous_5)","decl":{"start":{"line":106,"column":18},"end":{"line":106,"column":19}},"loc":{"start":{"line":106,"column":24},"end":{"line":106,"column":41}},"line":106},"6":{"name":"(anonymous_6)","decl":{"start":{"line":112,"column":18},"end":{"line":112,"column":19}},"loc":{"start":{"line":112,"column":24},"end":{"line":112,"column":44}},"line":112},"7":{"name":"(anonymous_7)","decl":{"start":{"line":125,"column":23},"end":{"line":125,"column":24}},"loc":{"start":{"line":125,"column":29},"end":{"line":125,"column":41}},"line":125},"8":{"name":"(anonymous_8)","decl":{"start":{"line":141,"column":27},"end":{"line":141,"column":28}},"loc":{"start":{"line":142,"column":10},"end":{"line":199,"column":16}},"line":142},"9":{"name":"(anonymous_9)","decl":{"start":{"line":148,"column":31},"end":{"line":148,"column":32}},"loc":{"start":{"line":149,"column":16},"end":{"line":196,"column":22}},"line":149},"10":{"name":"(anonymous_10)","decl":{"start":{"line":160,"column":33},"end":{"line":160,"column":34}},"loc":{"start":{"line":160,"column":39},"end":{"line":160,"column":89}},"line":160},"11":{"name":"(anonymous_11)","decl":{"start":{"line":176,"column":34},"end":{"line":176,"column":35}},"loc":{"start":{"line":176,"column":41},"end":{"line":176,"column":86}},"line":176},"12":{"name":"(anonymous_12)","decl":{"start":{"line":179,"column":42},"end":{"line":179,"column":43}},"loc":{"start":{"line":180,"column":26},"end":{"line":182,"column":35}},"line":180}},"branchMap":{"0":{"loc":{"start":{"line":158,"column":21},"end":{"line":171,"column":21}},"type":"binary-expr","locations":[{"start":{"line":158,"column":21},"end":{"line":158,"column":43}},{"start":{"line":159,"column":22},"end":{"line":170,"column":31}}],"line":158},"1":{"loc":{"start":{"line":162,"column":26},"end":{"line":162,"column":78}},"type":"cond-expr","locations":[{"start":{"line":162,"column":47},"end":{"line":162,"column":59}},{"start":{"line":162,"column":62},"end":{"line":162,"column":78}}],"line":162},"2":{"loc":{"start":{"line":167,"column":28},"end":{"line":167,"column":82}},"type":"cond-expr","locations":[{"start":{"line":167,"column":49},"end":{"line":167,"column":64}},{"start":{"line":167,"column":67},"end":{"line":167,"column":82}}],"line":167},"3":{"loc":{"start":{"line":173,"column":21},"end":{"line":185,"column":21}},"type":"binary-expr","locations":[{"start":{"line":173,"column":21},"end":{"line":173,"column":43}},{"start":{"line":174,"column":22},"end":{"line":184,"column":31}}],"line":173},"4":{"loc":{"start":{"line":187,"column":21},"end":{"line":194,"column":21}},"type":"binary-expr","locations":[{"start":{"line":187,"column":21},"end":{"line":187,"column":41}},{"start":{"line":188,"column":22},"end":{"line":193,"column":31}}],"line":187}},"s":{"0":0,"1":0,"2":0,"3":0,"4":0,"5":0,"6":0,"7":0,"8":0,"9":0,"10":0,"11":0,"12":0,"13":0,"14":0,"15":0,"16":0,"17":0,"18":0,"19":0},"f":{"0":0,"1":0,"2":0,"3":0,"4":0,"5":0,"6":0,"7":0,"8":0,"9":0,"10":0,"11":0,"12":0},"b":{"0":[0,0],"1":[0,0],"2":[0,0],"3":[0,0],"4":[0,0]}}
,"C:\\TulparsApp\\tulpars-app\\src\\components\\SplashScreen.jsx": {"path":"C:\\TulparsApp\\tulpars-app\\src\\components\\SplashScreen.jsx","statementMap":{"0":{"start":{"line":6,"column":19},"end":{"line":6,"column":32}},"1":{"start":{"line":8,"column":2},"end":{"line":20,"column":17}},"2":{"start":{"line":9,"column":18},"end":{"line":17,"column":12}},"3":{"start":{"line":11,"column":32},"end":{"line":11,"column":73}},"4":{"start":{"line":12,"column":6},"end":{"line":16,"column":7}},"5":{"start":{"line":13,"column":8},"end":{"line":13,"column":27}},"6":{"start":{"line":15,"column":8},"end":{"line":15,"column":32}},"7":{"start":{"line":19,"column":4},"end":{"line":19,"column":37}},"8":{"start":{"line":19,"column":17},"end":{"line":19,"column":36}},"9":{"start":{"line":22,"column":2},"end":{"line":52,"column":4}}},"fnMap":{"0":{"name":"SplashScreen","decl":{"start":{"line":5,"column":9},"end":{"line":5,"column":21}},"loc":{"start":{"line":5,"column":24},"end":{"line":53,"column":1}},"line":5},"1":{"name":"(anonymous_1)","decl":{"start":{"line":8,"column":12},"end":{"line":8,"column":13}},"loc":{"start":{"line":8,"column":18},"end":{"line":20,"column":3}},"line":8},"2":{"name":"(anonymous_2)","decl":{"start":{"line":9,"column":29},"end":{"line":9,"column":30}},"loc":{"start":{"line":9,"column":35},"end":{"line":17,"column":5}},"line":9},"3":{"name":"(anonymous_3)","decl":{"start":{"line":19,"column":11},"end":{"line":19,"column":12}},"loc":{"start":{"line":19,"column":17},"end":{"line":19,"column":36}},"line":19}},"branchMap":{"0":{"loc":{"start":{"line":12,"column":6},"end":{"line":16,"column":7}},"type":"if","locations":[{"start":{"line":12,"column":6},"end":{"line":16,"column":7}},{"start":{"line":14,"column":13},"end":{"line":16,"column":7}}],"line":12}},"s":{"0":0,"1":0,"2":0,"3":0,"4":0,"5":0,"6":0,"7":0,"8":0,"9":0},"f":{"0":0,"1":0,"2":0,"3":0},"b":{"0":[0,0]}}
,"C:\\TulparsApp\\tulpars-app\\src\\components\\StatsCards.jsx": {"path":"C:\\TulparsApp\\tulpars-app\\src\\components\\StatsCards.jsx","statementMap":{"0":{"start":{"line":4,"column":20},"end":{"line":17,"column":3}},"1":{"start":{"line":19,"column":2},"end":{"line":35,"column":4}},"2":{"start":{"line":22,"column":8},"end":{"line":32,"column":14}}},"fnMap":{"0":{"name":"StatsCards","decl":{"start":{"line":3,"column":9},"end":{"line":3,"column":19}},"loc":{"start":{"line":3,"column":31},"end":{"line":36,"column":1}},"line":3},"1":{"name":"(anonymous_1)","decl":{"start":{"line":21,"column":21},"end":{"line":21,"column":22}},"loc":{"start":{"line":22,"column":8},"end":{"line":32,"column":14}},"line":22}},"branchMap":{},"s":{"0":0,"1":0,"2":0},"f":{"0":0,"1":0},"b":{}}
,"C:\\TulparsApp\\tulpars-app\\src\\components\\UserProfile.jsx": {"path":"C:\\TulparsApp\\tulpars-app\\src\\components\\UserProfile.jsx","statementMap":{"0":{"start":{"line":9,"column":34},"end":{"line":30,"column":4}},"1":{"start":{"line":32,"column":35},"end":{"line":40,"column":3}},"2":{"start":{"line":33,"column":4},"end":{"line":39,"column":8}},"3":{"start":{"line":33,"column":25},"end":{"line":39,"column":5}},"4":{"start":{"line":42,"column":2},"end":{"line":59,"column":4}}},"fnMap":{"0":{"name":"UserProfile","decl":{"start":{"line":8,"column":9},"end":{"line":8,"column":20}},"loc":{"start":{"line":8,"column":23},"end":{"line":60,"column":1}},"line":8},"1":{"name":"(anonymous_1)","decl":{"start":{"line":32,"column":35},"end":{"line":32,"column":36}},"loc":{"start":{"line":32,"column":53},"end":{"line":40,"column":3}},"line":32},"2":{"name":"(anonymous_2)","decl":{"start":{"line":33,"column":16},"end":{"line":33,"column":17}},"loc":{"start":{"line":33,"column":25},"end":{"line":39,"column":5}},"line":33}},"branchMap":{},"s":{"0":0,"1":0,"2":0,"3":0,"4":0},"f":{"0":0,"1":0,"2":0},"b":{}}
,"C:\\TulparsApp\\tulpars-app\\src\\contexts\\AuthContext.jsx": {"path":"C:\\TulparsApp\\tulpars-app\\src\\contexts\\AuthContext.jsx","statementMap":{"0":{"start":{"line":4,"column":20},"end":{"line":4,"column":35}},"1":{"start":{"line":8,"column":26},"end":{"line":8,"column":40}},"2":{"start":{"line":9,"column":36},"end":{"line":9,"column":50}},"3":{"start":{"line":12,"column":2},"end":{"line":35,"column":9}},"4":{"start":{"line":13,"column":27},"end":{"line":32,"column":5}},"5":{"start":{"line":14,"column":6},"end":{"line":31,"column":7}},"6":{"start":{"line":16,"column":22},"end":{"line":16,"column":55}},"7":{"start":{"line":17,"column":25},"end":{"line":17,"column":57}},"8":{"start":{"line":19,"column":8},"end":{"line":23,"column":9}},"9":{"start":{"line":21,"column":29},"end":{"line":21,"column":49}},"10":{"start":{"line":22,"column":10},"end":{"line":22,"column":30}},"11":{"start":{"line":25,"column":8},"end":{"line":25,"column":59}},"12":{"start":{"line":27,"column":8},"end":{"line":27,"column":45}},"13":{"start":{"line":28,"column":8},"end":{"line":28,"column":44}},"14":{"start":{"line":30,"column":8},"end":{"line":30,"column":28}},"15":{"start":{"line":34,"column":4},"end":{"line":34,"column":21}},"16":{"start":{"line":38,"column":16},"end":{"line":66,"column":3}},"17":{"start":{"line":39,"column":4},"end":{"line":65,"column":5}},"18":{"start":{"line":40,"column":6},"end":{"line":40,"column":25}},"19":{"start":{"line":43,"column":6},"end":{"line":59,"column":7}},"20":{"start":{"line":44,"column":25},"end":{"line":49,"column":9}},"21":{"start":{"line":52,"column":8},"end":{"line":52,"column":60}},"22":{"start":{"line":53,"column":8},"end":{"line":53,"column":67}},"23":{"start":{"line":55,"column":8},"end":{"line":55,"column":26}},"24":{"start":{"line":56,"column":8},"end":{"line":56,"column":33}},"25":{"start":{"line":58,"column":8},"end":{"line":58,"column":73}},"26":{"start":{"line":61,"column":6},"end":{"line":61,"column":43}},"27":{"start":{"line":62,"column":6},"end":{"line":62,"column":71}},"28":{"start":{"line":64,"column":6},"end":{"line":64,"column":26}},"29":{"start":{"line":69,"column":17},"end":{"line":79,"column":3}},"30":{"start":{"line":70,"column":4},"end":{"line":78,"column":5}},"31":{"start":{"line":72,"column":6},"end":{"line":72,"column":43}},"32":{"start":{"line":73,"column":6},"end":{"line":73,"column":42}},"33":{"start":{"line":75,"column":6},"end":{"line":75,"column":20}},"34":{"start":{"line":77,"column":6},"end":{"line":77,"column":44}},"35":{"start":{"line":82,"column":26},"end":{"line":82,"column":32}},"36":{"start":{"line":84,"column":16},"end":{"line":90,"column":3}},"37":{"start":{"line":92,"column":2},"end":{"line":96,"column":4}},"38":{"start":{"line":101,"column":18},"end":{"line":101,"column":41}},"39":{"start":{"line":102,"column":2},"end":{"line":104,"column":3}},"40":{"start":{"line":103,"column":4},"end":{"line":103,"column":67}},"41":{"start":{"line":105,"column":2},"end":{"line":105,"column":17}}},"fnMap":{"0":{"name":"AuthProvider","decl":{"start":{"line":7,"column":16},"end":{"line":7,"column":28}},"loc":{"start":{"line":7,"column":43},"end":{"line":97,"column":1}},"line":7},"1":{"name":"(anonymous_1)","decl":{"start":{"line":12,"column":12},"end":{"line":12,"column":13}},"loc":{"start":{"line":12,"column":18},"end":{"line":35,"column":3}},"line":12},"2":{"name":"(anonymous_2)","decl":{"start":{"line":13,"column":27},"end":{"line":13,"column":28}},"loc":{"start":{"line":13,"column":39},"end":{"line":32,"column":5}},"line":13},"3":{"name":"(anonymous_3)","decl":{"start":{"line":38,"column":16},"end":{"line":38,"column":17}},"loc":{"start":{"line":38,"column":43},"end":{"line":66,"column":3}},"line":38},"4":{"name":"(anonymous_4)","decl":{"start":{"line":69,"column":17},"end":{"line":69,"column":18}},"loc":{"start":{"line":69,"column":29},"end":{"line":79,"column":3}},"line":69},"5":{"name":"useAuth","decl":{"start":{"line":100,"column":16},"end":{"line":100,"column":23}},"loc":{"start":{"line":100,"column":26},"end":{"line":106,"column":1}},"line":100}},"branchMap":{"0":{"loc":{"start":{"line":19,"column":8},"end":{"line":23,"column":9}},"type":"if","locations":[{"start":{"line":19,"column":8},"end":{"line":23,"column":9}},{"start":{},"end":{}}],"line":19},"1":{"loc":{"start":{"line":19,"column":12},"end":{"line":19,"column":29}},"type":"binary-expr","locations":[{"start":{"line":19,"column":12},"end":{"line":19,"column":17}},{"start":{"line":19,"column":21},"end":{"line":19,"column":29}}],"line":19},"2":{"loc":{"start":{"line":43,"column":6},"end":{"line":59,"column":7}},"type":"if","locations":[{"start":{"line":43,"column":6},"end":{"line":59,"column":7}},{"start":{"line":57,"column":13},"end":{"line":59,"column":7}}],"line":43},"3":{"loc":{"start":{"line":43,"column":10},"end":{"line":43,"column":64}},"type":"binary-expr","locations":[{"start":{"line":43,"column":10},"end":{"line":43,"column":38}},{"start":{"line":43,"column":42},"end":{"line":43,"column":64}}],"line":43},"4":{"loc":{"start":{"line":102,"column":2},"end":{"line":104,"column":3}},"type":"if","locations":[{"start":{"line":102,"column":2},"end":{"line":104,"column":3}},{"start":{},"end":{}}],"line":102}},"s":{"0":1,"1":13,"2":13,"3":13,"4":4,"5":4,"6":4,"7":4,"8":4,"9":0,"10":0,"11":0,"12":0,"13":0,"14":4,"15":4,"16":13,"17":3,"18":3,"19":3,"20":3,"21":3,"22":3,"23":3,"24":3,"25":0,"26":0,"27":0,"28":3,"29":13,"30":1,"31":1,"32":1,"33":1,"34":0,"35":13,"36":13,"37":13,"38":13,"39":13,"40":0,"41":13},"f":{"0":13,"1":4,"2":4,"3":3,"4":1,"5":13},"b":{"0":[0,4],"1":[4,0],"2":[3,0],"3":[3,3],"4":[0,13]},"_coverageSchema":"1a1c01bbd47fc00a2c39e90264f33305004495a9","hash":"c5c1eee5a989f1584a78ee1ede249c2e102d6743"}
}
