TN:
SF:src\App.jsx
FN:8,(anonymous_0)
FN:9,(anonymous_1)
FN:10,(anonymous_2)
FN:11,(anonymous_3)
FN:12,(anonymous_4)
FN:13,(anonymous_5)
FN:14,(anonymous_6)
FN:15,(anonymous_7)
FN:16,(anonymous_8)
FN:17,(anonymous_9)
FN:18,(anonymous_10)
FN:19,(anonymous_11)
FN:20,(anonymous_12)
FN:21,(anonymous_13)
FN:22,(anonymous_14)
FN:23,(anonymous_15)
FN:24,(anonymous_16)
FN:25,(anonymous_17)
FN:26,(anonymous_18)
FN:32,ProtectedRoute
FN:38,AppRouter
FN:43,(anonymous_21)
FN:45,(anonymous_22)
FN:60,(anonymous_23)
FN:102,App
FNF:25
FNH:0
FNDA:0,(anonymous_0)
FNDA:0,(anonymous_1)
FNDA:0,(anonymous_2)
FNDA:0,(anonymous_3)
FNDA:0,(anonymous_4)
FNDA:0,(anonymous_5)
FNDA:0,(anonymous_6)
FNDA:0,(anonymous_7)
FNDA:0,(anonymous_8)
FNDA:0,(anonymous_9)
FNDA:0,(anonymous_10)
FNDA:0,(anonymous_11)
FNDA:0,(anonymous_12)
FNDA:0,(anonymous_13)
FNDA:0,(anonymous_14)
FNDA:0,(anonymous_15)
FNDA:0,(anonymous_16)
FNDA:0,(anonymous_17)
FNDA:0,(anonymous_18)
FNDA:0,ProtectedRoute
FNDA:0,AppRouter
FNDA:0,(anonymous_21)
FNDA:0,(anonymous_22)
FNDA:0,(anonymous_23)
FNDA:0,App
DA:8,0
DA:9,0
DA:10,0
DA:11,0
DA:12,0
DA:13,0
DA:14,0
DA:15,0
DA:16,0
DA:17,0
DA:18,0
DA:19,0
DA:20,0
DA:21,0
DA:22,0
DA:23,0
DA:24,0
DA:25,0
DA:26,0
DA:33,0
DA:34,0
DA:39,0
DA:40,0
DA:41,0
DA:43,0
DA:45,0
DA:46,0
DA:48,0
DA:49,0
DA:50,0
DA:51,0
DA:53,0
DA:55,0
DA:59,0
DA:60,0
DA:63,0
DA:64,0
DA:67,0
DA:103,0
LF:39
LH:0
BRDA:34,0,0,0
BRDA:34,0,1,0
BRDA:48,1,0,0
BRDA:48,1,1,0
BRDA:50,2,0,0
BRDA:50,2,1,0
BRDA:63,3,0,0
BRDA:63,3,1,0
BRF:8
BRH:0
end_of_record
TN:
SF:src\components\AmountSelector.jsx
FN:3,AmountSelector
FN:6,(anonymous_1)
FN:9,(anonymous_2)
FNF:3
FNH:0
FNDA:0,AmountSelector
FNDA:0,(anonymous_1)
FNDA:0,(anonymous_2)
DA:1,0
DA:4,0
DA:7,0
DA:9,0
LF:4
LH:0
BRDA:12,0,0,0
BRDA:12,0,1,0
BRDA:20,1,0,0
BRDA:20,1,1,0
BRF:4
BRH:0
end_of_record
TN:
SF:src\components\Auth.jsx
FN:6,Auth
FN:21,(anonymous_1)
FN:28,(anonymous_2)
FN:170,(anonymous_3)
FN:219,(anonymous_4)
FNF:5
FNH:0
FNDA:0,Auth
FNDA:0,(anonymous_1)
FNDA:0,(anonymous_2)
FNDA:0,(anonymous_3)
FNDA:0,(anonymous_4)
DA:7,0
DA:8,0
DA:9,0
DA:10,0
DA:11,0
DA:12,0
DA:13,0
DA:21,0
DA:22,0
DA:28,0
DA:29,0
DA:30,0
DA:31,0
DA:33,0
DA:34,0
DA:36,0
DA:37,0
DA:38,0
DA:40,0
DA:44,0
DA:47,0
DA:48,0
DA:49,0
DA:51,0
DA:54,0
DA:58,0
DA:60,0
DA:64,0
DA:170,0
DA:219,0
LF:30
LH:0
BRDA:34,0,0,0
BRDA:34,0,1,0
BRDA:37,1,0,0
BRDA:37,1,1,0
BRDA:40,2,0,0
BRDA:40,2,1,0
BRDA:44,3,0,0
BRDA:44,3,1,0
BRDA:44,4,0,0
BRDA:44,4,1,0
BRDA:44,4,2,0
BRDA:44,4,3,0
BRDA:48,5,0,0
BRDA:48,5,1,0
BRDA:76,6,0,0
BRDA:76,6,1,0
BRDA:79,7,0,0
BRDA:79,7,1,0
BRDA:88,8,0,0
BRDA:88,8,1,0
BRDA:95,9,0,0
BRDA:95,9,1,0
BRDA:160,10,0,0
BRDA:160,10,1,0
BRDA:173,11,0,0
BRDA:173,11,1,0
BRDA:178,12,0,0
BRDA:178,12,1,0
BRDA:186,13,0,0
BRDA:186,13,1,0
BRDA:203,14,0,0
BRDA:203,14,1,0
BRDA:203,15,0,0
BRDA:203,15,1,0
BRDA:222,16,0,0
BRDA:222,16,1,0
BRF:36
BRH:0
end_of_record
TN:
SF:src\components\Catalog.jsx
FN:17,Catalog
FN:128,(anonymous_1)
FN:148,(anonymous_2)
FN:172,(anonymous_3)
FN:179,(anonymous_4)
FN:182,(anonymous_5)
FN:198,(anonymous_6)
FNF:7
FNH:0
FNDA:0,Catalog
FNDA:0,(anonymous_1)
FNDA:0,(anonymous_2)
FNDA:0,(anonymous_3)
FNDA:0,(anonymous_4)
FNDA:0,(anonymous_5)
FNDA:0,(anonymous_6)
DA:18,0
DA:19,0
DA:20,0
DA:21,0
DA:24,0
DA:26,0
DA:125,0
DA:126,0
DA:128,0
DA:129,0
DA:131,0
DA:132,0
DA:135,0
DA:141,0
DA:148,0
DA:172,0
DA:180,0
DA:182,0
DA:199,0
LF:19
LH:0
BRDA:125,0,0,0
BRDA:125,0,1,0
BRDA:129,1,0,0
BRDA:129,1,1,0
BRDA:131,2,0,0
BRDA:131,2,1,0
BRDA:131,2,2,0
BRDA:132,3,0,0
BRDA:132,3,1,0
BRDA:135,4,0,0
BRDA:135,4,1,0
BRDA:137,5,0,0
BRDA:137,5,1,0
BRDA:184,6,0,0
BRDA:184,6,1,0
BRDA:189,7,0,0
BRDA:189,7,1,0
BRDA:207,8,0,0
BRDA:207,8,1,0
BRDA:211,9,0,0
BRDA:211,9,1,0
BRDA:217,10,0,0
BRDA:217,10,1,0
BRDA:223,11,0,0
BRDA:223,11,1,0
BRDA:229,12,0,0
BRDA:229,12,1,0
BRDA:235,13,0,0
BRDA:235,13,1,0
BRDA:237,14,0,0
BRDA:237,14,1,0
BRDA:238,15,0,0
BRDA:238,15,1,0
BRDA:244,16,0,0
BRDA:244,16,1,0
BRDA:246,17,0,0
BRDA:246,17,1,0
BRDA:259,18,0,0
BRDA:259,18,1,0
BRF:39
BRH:0
end_of_record
TN:
SF:src\components\CertificateDetails.jsx
FN:16,CertificateDetails
FN:50,(anonymous_1)
FN:55,(anonymous_2)
FN:67,(anonymous_3)
FN:76,(anonymous_4)
FN:91,(anonymous_5)
FN:208,(anonymous_6)
FNF:7
FNH:0
FNDA:0,CertificateDetails
FNDA:0,(anonymous_1)
FNDA:0,(anonymous_2)
FNDA:0,(anonymous_3)
FNDA:0,(anonymous_4)
FNDA:0,(anonymous_5)
FNDA:0,(anonymous_6)
DA:17,0
DA:18,0
DA:21,0
DA:50,0
DA:52,0
DA:55,0
DA:56,0
DA:57,0
DA:63,0
DA:67,0
DA:68,0
DA:69,0
DA:70,0
DA:71,0
DA:72,0
DA:76,0
DA:77,0
DA:78,0
DA:79,0
DA:80,0
DA:83,0
DA:91,0
DA:209,0
LF:23
LH:0
BRDA:56,0,0,0
BRDA:56,0,1,0
BRDA:68,1,0,0
BRDA:68,1,1,0
BRDA:68,1,2,0
BRDA:68,1,3,0
BRDA:80,2,0,0
BRDA:80,2,1,0
BRDA:118,3,0,0
BRDA:118,3,1,0
BRDA:119,4,0,0
BRDA:119,4,1,0
BRDA:122,5,0,0
BRDA:122,5,1,0
BRDA:247,6,0,0
BRDA:247,6,1,0
BRF:16
BRH:0
end_of_record
TN:
SF:src\components\Certificates.jsx
FN:3,Certificates
FN:9,(anonymous_1)
FNF:2
FNH:0
FNDA:0,Certificates
FNDA:0,(anonymous_1)
DA:4,0
DA:10,0
LF:2
LH:0
BRF:0
BRH:0
end_of_record
TN:
SF:src\components\DonationForm.jsx
FN:8,DonationForm
FN:13,(anonymous_1)
FN:18,(anonymous_2)
FNF:3
FNH:0
FNDA:0,DonationForm
FNDA:0,(anonymous_1)
FNDA:0,(anonymous_2)
DA:9,0
DA:10,0
DA:11,0
DA:13,0
DA:14,0
DA:15,0
DA:18,0
DA:19,0
DA:20,0
DA:21,0
DA:22,0
DA:26,0
LF:12
LH:0
BRDA:21,0,0,0
BRDA:21,0,1,0
BRDA:22,1,0,0
BRDA:22,1,1,0
BRF:4
BRH:0
end_of_record
TN:
SF:src\components\EmergencyGuide.jsx
FN:17,EmergencyGuide
FN:175,(anonymous_1)
FN:182,(anonymous_2)
FN:192,(anonymous_3)
FN:208,(anonymous_4)
FN:254,(anonymous_5)
FN:261,(anonymous_6)
FN:266,(anonymous_7)
FN:284,(anonymous_8)
FN:292,(anonymous_9)
FN:333,(anonymous_10)
FN:346,(anonymous_11)
FN:361,(anonymous_12)
FNF:13
FNH:0
FNDA:0,EmergencyGuide
FNDA:0,(anonymous_1)
FNDA:0,(anonymous_2)
FNDA:0,(anonymous_3)
FNDA:0,(anonymous_4)
FNDA:0,(anonymous_5)
FNDA:0,(anonymous_6)
FNDA:0,(anonymous_7)
FNDA:0,(anonymous_8)
FNDA:0,(anonymous_9)
FNDA:0,(anonymous_10)
FNDA:0,(anonymous_11)
FNDA:0,(anonymous_12)
DA:18,0
DA:19,0
DA:20,0
DA:21,0
DA:23,0
DA:165,0
DA:175,0
DA:176,0
DA:178,0
DA:179,0
DA:182,0
DA:183,0
DA:184,0
DA:185,0
DA:187,0
DA:189,0
DA:192,0
DA:193,0
DA:194,0
DA:195,0
DA:196,0
DA:197,0
DA:201,0
DA:208,0
DA:254,0
DA:262,0
DA:263,0
DA:266,0
DA:285,0
DA:286,0
DA:288,0
DA:292,0
DA:334,0
DA:347,0
DA:362,0
LF:35
LH:0
BRDA:176,0,0,0
BRDA:176,0,1,0
BRDA:178,1,0,0
BRDA:178,1,1,0
BRDA:179,2,0,0
BRDA:179,2,1,0
BRDA:184,3,0,0
BRDA:184,3,1,0
BRDA:193,4,0,0
BRDA:193,4,1,0
BRDA:193,4,2,0
BRDA:193,4,3,0
BRDA:268,5,0,0
BRDA:268,5,1,0
BRDA:296,6,0,0
BRDA:296,6,1,0
BRDA:297,7,0,0
BRDA:297,7,1,0
BRDA:307,8,0,0
BRDA:307,8,1,0
BRDA:308,9,0,0
BRDA:308,9,1,0
BRDA:316,10,0,0
BRDA:316,10,1,0
BRDA:324,11,0,0
BRDA:324,11,1,0
BRDA:372,12,0,0
BRDA:372,12,1,0
BRF:28
BRH:0
end_of_record
TN:
SF:src\components\ErrorBoundary.jsx
FN:5,(anonymous_0)
FN:10,(anonymous_1)
FN:14,(anonymous_2)
FN:22,(anonymous_3)
FN:26,(anonymous_4)
FN:30,(anonymous_5)
FNF:6
FNH:0
FNDA:0,(anonymous_0)
FNDA:0,(anonymous_1)
FNDA:0,(anonymous_2)
FNDA:0,(anonymous_3)
FNDA:0,(anonymous_4)
FNDA:0,(anonymous_5)
DA:6,0
DA:7,0
DA:11,0
DA:15,0
DA:16,0
DA:22,0
DA:23,0
DA:26,0
DA:27,0
DA:31,0
DA:32,0
DA:88,0
LF:12
LH:0
BRDA:31,0,0,0
BRDA:31,0,1,0
BRDA:64,1,0,0
BRDA:64,1,1,0
BRDA:64,1,2,0
BRF:5
BRH:0
end_of_record
TN:
SF:src\components\EventDetails.jsx
FN:19,EventDetails
FN:65,(anonymous_1)
FN:70,(anonymous_2)
FN:83,(anonymous_3)
FN:93,(anonymous_4)
FN:110,(anonymous_5)
FN:123,(anonymous_6)
FN:216,(anonymous_7)
FNF:8
FNH:0
FNDA:0,EventDetails
FNDA:0,(anonymous_1)
FNDA:0,(anonymous_2)
FNDA:0,(anonymous_3)
FNDA:0,(anonymous_4)
FNDA:0,(anonymous_5)
FNDA:0,(anonymous_6)
FNDA:0,(anonymous_7)
DA:20,0
DA:21,0
DA:22,0
DA:23,0
DA:26,0
DA:65,0
DA:66,0
DA:70,0
DA:71,0
DA:72,0
DA:79,0
DA:83,0
DA:84,0
DA:85,0
DA:86,0
DA:87,0
DA:88,0
DA:89,0
DA:93,0
DA:94,0
DA:95,0
DA:96,0
DA:97,0
DA:98,0
DA:102,0
DA:110,0
DA:123,0
DA:217,0
LF:28
LH:0
BRDA:71,0,0,0
BRDA:71,0,1,0
BRDA:84,1,0,0
BRDA:84,1,1,0
BRDA:84,1,2,0
BRDA:84,1,3,0
BRDA:84,1,4,0
BRDA:94,2,0,0
BRDA:94,2,1,0
BRDA:94,2,2,0
BRDA:94,2,3,0
BRDA:125,3,0,0
BRDA:125,3,1,0
BRDA:128,4,0,0
BRDA:128,4,1,0
BRDA:145,5,0,0
BRDA:145,5,1,0
BRDA:146,6,0,0
BRDA:146,6,1,0
BRDA:147,7,0,0
BRDA:147,7,1,0
BRDA:150,8,0,0
BRDA:150,8,1,0
BRDA:151,9,0,0
BRDA:151,9,1,0
BRDA:230,10,0,0
BRDA:230,10,1,0
BRDA:235,11,0,0
BRDA:235,11,1,0
BRF:29
BRH:0
end_of_record
TN:
SF:src\components\Feedback.jsx
FN:5,Feedback
FN:24,(anonymous_1)
FN:25,(anonymous_2)
FN:28,(anonymous_3)
FN:34,(anonymous_4)
FN:61,(anonymous_5)
FN:79,(anonymous_6)
FN:103,(anonymous_7)
FN:107,(anonymous_8)
FN:128,(anonymous_9)
FN:132,(anonymous_10)
FN:132,(anonymous_11)
FN:155,(anonymous_12)
FN:155,(anonymous_13)
FN:170,(anonymous_14)
FN:170,(anonymous_15)
FNF:16
FNH:0
FNDA:0,Feedback
FNDA:0,(anonymous_1)
FNDA:0,(anonymous_2)
FNDA:0,(anonymous_3)
FNDA:0,(anonymous_4)
FNDA:0,(anonymous_5)
FNDA:0,(anonymous_6)
FNDA:0,(anonymous_7)
FNDA:0,(anonymous_8)
FNDA:0,(anonymous_9)
FNDA:0,(anonymous_10)
FNDA:0,(anonymous_11)
FNDA:0,(anonymous_12)
FNDA:0,(anonymous_13)
FNDA:0,(anonymous_14)
FNDA:0,(anonymous_15)
DA:6,0
DA:7,0
DA:13,0
DA:14,0
DA:16,0
DA:24,0
DA:25,0
DA:28,0
DA:29,0
DA:30,0
DA:32,0
DA:34,0
DA:37,0
DA:39,0
DA:41,0
DA:42,0
DA:44,0
DA:48,0
DA:49,0
DA:61,0
DA:72,0
DA:79,0
DA:104,0
DA:107,0
DA:129,0
DA:132,0
DA:155,0
DA:170,0
LF:28
LH:0
BRDA:48,0,0,0
BRDA:48,0,1,0
BRDA:112,1,0,0
BRDA:112,1,1,0
BRDA:134,2,0,0
BRDA:134,2,1,0
BRDA:182,3,0,0
BRDA:182,3,1,0
BRDA:182,3,2,0
BRDA:182,3,3,0
BRDA:185,4,0,0
BRDA:185,4,1,0
BRF:12
BRH:0
end_of_record
TN:
SF:src\components\FrequencySelector.jsx
FN:3,FrequencySelector
FN:7,(anonymous_1)
FN:27,(anonymous_2)
FNF:3
FNH:0
FNDA:0,FrequencySelector
FNDA:0,(anonymous_1)
FNDA:0,(anonymous_2)
DA:4,0
DA:7,0
DA:27,0
LF:3
LH:0
BRDA:10,0,0,0
BRDA:10,0,1,0
BRDA:21,1,0,0
BRDA:21,1,1,0
BRDA:30,2,0,0
BRDA:30,2,1,0
BRDA:41,3,0,0
BRDA:41,3,1,0
BRF:8
BRH:0
end_of_record
TN:
SF:src\components\Help.jsx
FN:14,Help
FN:41,(anonymous_1)
FN:49,(anonymous_2)
FN:57,(anonymous_3)
FN:68,(anonymous_4)
FN:74,(anonymous_5)
FN:80,(anonymous_6)
FN:91,(anonymous_7)
FN:122,(anonymous_8)
FN:142,(anonymous_9)
FN:162,(anonymous_10)
FN:212,(anonymous_11)
FNF:12
FNH:0
FNDA:0,Help
FNDA:0,(anonymous_1)
FNDA:0,(anonymous_2)
FNDA:0,(anonymous_3)
FNDA:0,(anonymous_4)
FNDA:0,(anonymous_5)
FNDA:0,(anonymous_6)
FNDA:0,(anonymous_7)
FNDA:0,(anonymous_8)
FNDA:0,(anonymous_9)
FNDA:0,(anonymous_10)
FNDA:0,(anonymous_11)
DA:15,0
DA:17,0
DA:36,0
DA:41,0
DA:49,0
DA:57,0
DA:63,0
DA:68,0
DA:74,0
DA:80,0
DA:84,0
DA:91,0
DA:123,0
DA:143,0
DA:163,0
DA:212,0
LF:16
LH:0
BRF:0
BRH:0
end_of_record
TN:
SF:src\components\Home.jsx
FN:20,Home
FN:151,(anonymous_1)
FN:158,(anonymous_2)
FN:164,(anonymous_3)
FN:195,(anonymous_4)
FN:230,(anonymous_5)
FN:233,(anonymous_6)
FN:251,(anonymous_7)
FN:260,(anonymous_8)
FN:341,(anonymous_9)
FNF:10
FNH:0
FNDA:0,Home
FNDA:0,(anonymous_1)
FNDA:0,(anonymous_2)
FNDA:0,(anonymous_3)
FNDA:0,(anonymous_4)
FNDA:0,(anonymous_5)
FNDA:0,(anonymous_6)
FNDA:0,(anonymous_7)
FNDA:0,(anonymous_8)
FNDA:0,(anonymous_9)
DA:21,0
DA:23,0
DA:80,0
DA:103,0
DA:133,0
DA:151,0
DA:158,0
DA:164,0
DA:196,0
DA:231,0
DA:233,0
DA:251,0
DA:261,0
DA:341,0
LF:14
LH:0
BRDA:208,0,0,0
BRDA:208,0,1,0
BRDA:210,1,0,0
BRDA:210,1,1,0
BRDA:265,2,0,0
BRDA:265,2,1,0
BRDA:267,3,0,0
BRDA:267,3,1,0
BRDA:292,4,0,0
BRDA:292,4,1,0
BRDA:303,5,0,0
BRDA:303,5,1,0
BRDA:305,6,0,0
BRDA:305,6,1,0
BRF:14
BRH:0
end_of_record
TN:
SF:src\components\LoadingSpinner.jsx
FN:3,LoadingSpinner
FNF:1
FNH:0
FNDA:0,LoadingSpinner
DA:4,0
LF:1
LH:0
BRDA:3,0,0,0
BRF:1
BRH:0
end_of_record
TN:
SF:src\components\News.jsx
FN:15,News
FN:77,(anonymous_1)
FN:84,(anonymous_2)
FN:93,(anonymous_3)
FN:109,(anonymous_4)
FN:133,(anonymous_5)
FN:140,(anonymous_6)
FN:143,(anonymous_7)
FN:159,(anonymous_8)
FNF:9
FNH:0
FNDA:0,News
FNDA:0,(anonymous_1)
FNDA:0,(anonymous_2)
FNDA:0,(anonymous_3)
FNDA:0,(anonymous_4)
FNDA:0,(anonymous_5)
FNDA:0,(anonymous_6)
FNDA:0,(anonymous_7)
FNDA:0,(anonymous_8)
DA:16,0
DA:17,0
DA:18,0
DA:20,0
DA:75,0
DA:77,0
DA:78,0
DA:80,0
DA:81,0
DA:84,0
DA:85,0
DA:86,0
DA:87,0
DA:88,0
DA:89,0
DA:93,0
DA:94,0
DA:95,0
DA:96,0
DA:97,0
DA:98,0
DA:102,0
DA:109,0
DA:133,0
DA:141,0
DA:143,0
DA:160,0
DA:161,0
LF:28
LH:0
BRDA:78,0,0,0
BRDA:78,0,1,0
BRDA:80,1,0,0
BRDA:80,1,1,0
BRDA:81,2,0,0
BRDA:81,2,1,0
BRDA:85,3,0,0
BRDA:85,3,1,0
BRDA:85,3,2,0
BRDA:85,3,3,0
BRDA:94,4,0,0
BRDA:94,4,1,0
BRDA:94,4,2,0
BRDA:94,4,3,0
BRDA:145,5,0,0
BRDA:145,5,1,0
BRDA:150,6,0,0
BRDA:150,6,1,0
BRDA:165,7,0,0
BRDA:165,7,1,0
BRDA:179,8,0,0
BRDA:179,8,1,0
BRDA:220,9,0,0
BRDA:220,9,1,0
BRF:24
BRH:0
end_of_record
TN:
SF:src\components\Notifications.jsx
FN:16,Notifications
FN:76,(anonymous_1)
FN:77,(anonymous_2)
FN:78,(anonymous_3)
FN:84,(anonymous_4)
FN:85,(anonymous_5)
FN:85,(anonymous_6)
FN:88,(anonymous_7)
FN:89,(anonymous_8)
FN:90,(anonymous_9)
FN:94,(anonymous_10)
FN:96,(anonymous_11)
FN:115,(anonymous_12)
FN:143,(anonymous_13)
FN:164,(anonymous_14)
FN:214,(anonymous_15)
FN:226,(anonymous_16)
FN:250,(anonymous_17)
FNF:18
FNH:0
FNDA:0,Notifications
FNDA:0,(anonymous_1)
FNDA:0,(anonymous_2)
FNDA:0,(anonymous_3)
FNDA:0,(anonymous_4)
FNDA:0,(anonymous_5)
FNDA:0,(anonymous_6)
FNDA:0,(anonymous_7)
FNDA:0,(anonymous_8)
FNDA:0,(anonymous_9)
FNDA:0,(anonymous_10)
FNDA:0,(anonymous_11)
FNDA:0,(anonymous_12)
FNDA:0,(anonymous_13)
FNDA:0,(anonymous_14)
FNDA:0,(anonymous_15)
FNDA:0,(anonymous_16)
FNDA:0,(anonymous_17)
DA:17,0
DA:18,0
DA:76,0
DA:77,0
DA:78,0
DA:79,0
DA:84,0
DA:85,0
DA:88,0
DA:89,0
DA:90,0
DA:94,0
DA:96,0
DA:97,0
DA:98,0
DA:99,0
DA:100,0
DA:101,0
DA:102,0
DA:103,0
DA:107,0
DA:115,0
DA:143,0
DA:165,0
DA:214,0
DA:226,0
DA:250,0
LF:27
LH:0
BRDA:79,0,0,0
BRDA:79,0,1,0
BRDA:97,1,0,0
BRDA:97,1,1,0
BRDA:97,1,2,0
BRDA:97,1,3,0
BRDA:97,1,4,0
BRDA:97,1,5,0
BRDA:126,2,0,0
BRDA:126,2,1,0
BRDA:134,3,0,0
BRDA:134,3,1,0
BRDA:154,4,0,0
BRDA:154,4,1,0
BRDA:168,5,0,0
BRDA:168,5,1,0
BRDA:184,6,0,0
BRDA:184,6,1,0
BRDA:188,7,0,0
BRDA:188,7,1,0
BRDA:194,8,0,0
BRDA:194,8,1,0
BRDA:202,9,0,0
BRDA:202,9,1,0
BRDA:203,10,0,0
BRDA:203,10,1,0
BRDA:204,11,0,0
BRDA:204,11,1,0
BRDA:205,12,0,0
BRDA:205,12,1,0
BRDA:223,13,0,0
BRDA:223,13,1,0
BRF:32
BRH:0
end_of_record
TN:
SF:src\components\Onboarding.jsx
FN:5,Onboarding
FN:30,(anonymous_1)
FN:38,(anonymous_2)
FN:55,(anonymous_3)
FNF:4
FNH:0
FNDA:0,Onboarding
FNDA:0,(anonymous_1)
FNDA:0,(anonymous_2)
FNDA:0,(anonymous_3)
DA:6,0
DA:7,0
DA:9,0
DA:30,0
DA:31,0
DA:32,0
DA:34,0
DA:38,0
DA:39,0
DA:40,0
DA:43,0
DA:44,0
DA:46,0
DA:56,0
LF:14
LH:0
BRDA:31,0,0,0
BRDA:31,0,1,0
BRDA:59,1,0,0
BRDA:59,1,1,0
BRDA:64,2,0,0
BRDA:64,2,1,0
BRDA:95,3,0,0
BRDA:95,3,1,0
BRDA:101,4,0,0
BRDA:101,4,1,0
BRDA:107,5,0,0
BRDA:107,5,1,0
BRDA:136,6,0,0
BRDA:136,6,1,0
BRF:14
BRH:0
end_of_record
TN:
SF:src\components\Operations.jsx
FN:16,Operations
FN:74,(anonymous_1)
FN:82,(anonymous_2)
FN:91,(anonymous_3)
FN:100,(anonymous_4)
FN:116,(anonymous_5)
FN:140,(anonymous_6)
FN:147,(anonymous_7)
FN:150,(anonymous_8)
FN:168,(anonymous_9)
FNF:10
FNH:0
FNDA:0,Operations
FNDA:0,(anonymous_1)
FNDA:0,(anonymous_2)
FNDA:0,(anonymous_3)
FNDA:0,(anonymous_4)
FNDA:0,(anonymous_5)
FNDA:0,(anonymous_6)
FNDA:0,(anonymous_7)
FNDA:0,(anonymous_8)
FNDA:0,(anonymous_9)
DA:17,0
DA:18,0
DA:19,0
DA:21,0
DA:72,0
DA:74,0
DA:75,0
DA:78,0
DA:79,0
DA:82,0
DA:83,0
DA:84,0
DA:85,0
DA:86,0
DA:87,0
DA:91,0
DA:92,0
DA:93,0
DA:94,0
DA:95,0
DA:96,0
DA:100,0
DA:101,0
DA:102,0
DA:103,0
DA:104,0
DA:105,0
DA:109,0
DA:116,0
DA:140,0
DA:148,0
DA:150,0
DA:169,0
LF:33
LH:0
BRDA:75,0,0,0
BRDA:75,0,1,0
BRDA:75,0,2,0
BRDA:78,1,0,0
BRDA:78,1,1,0
BRDA:79,2,0,0
BRDA:79,2,1,0
BRDA:83,3,0,0
BRDA:83,3,1,0
BRDA:83,3,2,0
BRDA:83,3,3,0
BRDA:92,4,0,0
BRDA:92,4,1,0
BRDA:92,4,2,0
BRDA:92,4,3,0
BRDA:101,5,0,0
BRDA:101,5,1,0
BRDA:101,5,2,0
BRDA:101,5,3,0
BRDA:152,6,0,0
BRDA:152,6,1,0
BRDA:157,7,0,0
BRDA:157,7,1,0
BRDA:158,8,0,0
BRDA:158,8,1,0
BRDA:159,9,0,0
BRDA:159,9,1,0
BRDA:172,10,0,0
BRDA:172,10,1,0
BRDA:174,11,0,0
BRDA:174,11,1,0
BRDA:186,12,0,0
BRDA:186,12,1,0
BRDA:187,13,0,0
BRDA:187,13,1,0
BRDA:190,14,0,0
BRDA:190,14,1,0
BRDA:191,15,0,0
BRDA:191,15,1,0
BRDA:245,16,0,0
BRDA:245,16,1,0
BRF:41
BRH:0
end_of_record
TN:
SF:src\components\PastTasks.jsx
FN:18,PastTasks
FN:120,(anonymous_1)
FN:129,(anonymous_2)
FN:138,(anonymous_3)
FN:147,(anonymous_4)
FN:148,(anonymous_5)
FN:157,(anonymous_6)
FN:158,(anonymous_7)
FN:160,(anonymous_8)
FN:162,(anonymous_9)
FN:163,(anonymous_10)
FN:164,(anonymous_11)
FN:173,(anonymous_12)
FN:236,(anonymous_13)
FN:246,(anonymous_14)
FN:249,(anonymous_15)
FN:266,(anonymous_16)
FN:269,(anonymous_17)
FN:287,(anonymous_18)
FN:363,(anonymous_19)
FNF:20
FNH:0
FNDA:0,PastTasks
FNDA:0,(anonymous_1)
FNDA:0,(anonymous_2)
FNDA:0,(anonymous_3)
FNDA:0,(anonymous_4)
FNDA:0,(anonymous_5)
FNDA:0,(anonymous_6)
FNDA:0,(anonymous_7)
FNDA:0,(anonymous_8)
FNDA:0,(anonymous_9)
FNDA:0,(anonymous_10)
FNDA:0,(anonymous_11)
FNDA:0,(anonymous_12)
FNDA:0,(anonymous_13)
FNDA:0,(anonymous_14)
FNDA:0,(anonymous_15)
FNDA:0,(anonymous_16)
FNDA:0,(anonymous_17)
FNDA:0,(anonymous_18)
FNDA:0,(anonymous_19)
DA:19,0
DA:20,0
DA:21,0
DA:22,0
DA:24,0
DA:117,0
DA:118,0
DA:120,0
DA:121,0
DA:124,0
DA:125,0
DA:126,0
DA:129,0
DA:130,0
DA:131,0
DA:132,0
DA:133,0
DA:134,0
DA:138,0
DA:139,0
DA:140,0
DA:141,0
DA:142,0
DA:143,0
DA:147,0
DA:148,0
DA:149,0
DA:156,0
DA:157,0
DA:158,0
DA:160,0
DA:161,0
DA:162,0
DA:163,0
DA:164,0
DA:166,0
DA:173,0
DA:236,0
DA:247,0
DA:249,0
DA:267,0
DA:269,0
DA:288,0
DA:364,0
LF:44
LH:0
BRDA:121,0,0,0
BRDA:121,0,1,0
BRDA:121,0,2,0
BRDA:124,1,0,0
BRDA:124,1,1,0
BRDA:125,2,0,0
BRDA:125,2,1,0
BRDA:126,3,0,0
BRDA:126,3,1,0
BRDA:126,3,2,0
BRDA:130,4,0,0
BRDA:130,4,1,0
BRDA:130,4,2,0
BRDA:130,4,3,0
BRDA:139,5,0,0
BRDA:139,5,1,0
BRDA:139,5,2,0
BRDA:139,5,3,0
BRDA:151,6,0,0
BRDA:151,6,1,0
BRDA:251,7,0,0
BRDA:251,7,1,0
BRDA:256,8,0,0
BRDA:256,8,1,0
BRDA:257,9,0,0
BRDA:257,9,1,0
BRDA:271,10,0,0
BRDA:271,10,1,0
BRDA:276,11,0,0
BRDA:276,11,1,0
BRDA:291,12,0,0
BRDA:291,12,1,0
BRDA:292,13,0,0
BRDA:292,13,1,0
BRDA:295,14,0,0
BRDA:295,14,1,0
BRDA:296,15,0,0
BRDA:296,15,1,0
BRDA:306,16,0,0
BRDA:306,16,1,0
BRDA:307,17,0,0
BRDA:307,17,1,0
BRDA:312,18,0,0
BRDA:312,18,1,0
BRDA:343,19,0,0
BRDA:343,19,1,0
BRDA:354,20,0,0
BRDA:354,20,1,0
BRDA:360,21,0,0
BRDA:360,21,1,0
BRDA:376,22,0,0
BRDA:376,22,1,0
BRF:52
BRH:0
end_of_record
TN:
SF:src\components\PaymentForm.jsx
FN:16,PaymentForm
FN:27,(anonymous_1)
FN:29,(anonymous_2)
FN:32,(anonymous_3)
FN:38,(anonymous_4)
FNF:5
FNH:0
FNDA:0,PaymentForm
FNDA:0,(anonymous_1)
FNDA:0,(anonymous_2)
FNDA:0,(anonymous_3)
FNDA:0,(anonymous_4)
DA:17,0
DA:25,0
DA:27,0
DA:28,0
DA:29,0
DA:32,0
DA:33,0
DA:34,0
DA:36,0
DA:38,0
DA:45,0
DA:49,0
DA:51,0
DA:55,0
LF:14
LH:0
BRDA:45,0,0,0
BRDA:45,0,1,0
BRDA:178,1,0,0
BRDA:178,1,1,0
BRDA:188,2,0,0
BRDA:188,2,1,0
BRDA:192,3,0,0
BRDA:192,3,1,0
BRDA:195,4,0,0
BRDA:195,4,1,0
BRF:10
BRH:0
end_of_record
TN:
SF:src\components\PersonalInfo.jsx
FN:4,PersonalInfo
FN:29,(anonymous_1)
FN:34,(anonymous_2)
FN:39,(anonymous_3)
FN:44,(anonymous_4)
FN:45,(anonymous_5)
FN:56,(anonymous_6)
FN:69,(anonymous_7)
FN:83,(anonymous_8)
FN:97,(anonymous_9)
FNF:10
FNH:0
FNDA:0,PersonalInfo
FNDA:0,(anonymous_1)
FNDA:0,(anonymous_2)
FNDA:0,(anonymous_3)
FNDA:0,(anonymous_4)
FNDA:0,(anonymous_5)
FNDA:0,(anonymous_6)
FNDA:0,(anonymous_7)
FNDA:0,(anonymous_8)
FNDA:0,(anonymous_9)
DA:5,0
DA:6,0
DA:8,0
DA:29,0
DA:30,0
DA:31,0
DA:34,0
DA:35,0
DA:36,0
DA:39,0
DA:40,0
DA:41,0
DA:44,0
DA:45,0
DA:51,0
DA:57,0
DA:69,0
DA:83,0
DA:97,0
LF:19
LH:0
BRDA:65,0,0,0
BRDA:65,0,1,0
BRDA:80,1,0,0
BRDA:80,1,1,0
BRF:4
BRH:0
end_of_record
TN:
SF:src\components\Privacy.jsx
FN:15,Privacy
FN:60,(anonymous_1)
FN:104,(anonymous_2)
FN:123,(anonymous_3)
FN:161,(anonymous_4)
FN:167,(anonymous_5)
FNF:6
FNH:0
FNDA:0,Privacy
FNDA:0,(anonymous_1)
FNDA:0,(anonymous_2)
FNDA:0,(anonymous_3)
FNDA:0,(anonymous_4)
FNDA:0,(anonymous_5)
DA:16,0
DA:18,0
DA:46,0
DA:53,0
DA:60,0
DA:105,0
DA:124,0
DA:161,0
DA:167,0
LF:9
LH:0
BRF:0
BRH:0
end_of_record
TN:
SF:src\components\ProfileHeader.jsx
FN:3,ProfileHeader
FNF:1
FNH:0
FNDA:0,ProfileHeader
DA:4,0
LF:1
LH:0
BRF:0
BRH:0
end_of_record
TN:
SF:src\components\SearchResults.jsx
FN:17,SearchResults
FN:68,(anonymous_1)
FN:71,(anonymous_2)
FN:72,(anonymous_3)
FN:86,(anonymous_4)
FN:92,(anonymous_5)
FN:108,(anonymous_6)
FN:118,(anonymous_7)
FN:135,(anonymous_8)
FN:158,(anonymous_9)
FN:165,(anonymous_10)
FN:171,(anonymous_11)
FN:197,(anonymous_12)
FNF:13
FNH:0
FNDA:0,SearchResults
FNDA:0,(anonymous_1)
FNDA:0,(anonymous_2)
FNDA:0,(anonymous_3)
FNDA:0,(anonymous_4)
FNDA:0,(anonymous_5)
FNDA:0,(anonymous_6)
FNDA:0,(anonymous_7)
FNDA:0,(anonymous_8)
FNDA:0,(anonymous_9)
FNDA:0,(anonymous_10)
FNDA:0,(anonymous_11)
FNDA:0,(anonymous_12)
DA:18,0
DA:19,0
DA:20,0
DA:21,0
DA:22,0
DA:25,0
DA:68,0
DA:69,0
DA:71,0
DA:72,0
DA:73,0
DA:76,0
DA:77,0
DA:83,0
DA:86,0
DA:87,0
DA:88,0
DA:92,0
DA:93,0
DA:94,0
DA:95,0
DA:96,0
DA:100,0
DA:108,0
DA:109,0
DA:110,0
DA:111,0
DA:112,0
DA:113,0
DA:114,0
DA:118,0
DA:119,0
DA:120,0
DA:121,0
DA:122,0
DA:123,0
DA:124,0
DA:128,0
DA:135,0
DA:158,0
DA:166,0
DA:167,0
DA:171,0
DA:198,0
DA:199,0
LF:45
LH:0
BRDA:20,0,0,0
BRDA:20,0,1,0
BRDA:73,1,0,0
BRDA:73,1,1,0
BRDA:73,2,0,0
BRDA:73,2,1,0
BRDA:73,2,2,0
BRDA:76,3,0,0
BRDA:76,3,1,0
BRDA:76,4,0,0
BRDA:76,4,1,0
BRDA:87,5,0,0
BRDA:87,5,1,0
BRDA:94,6,0,0
BRDA:94,6,1,0
BRDA:109,7,0,0
BRDA:109,7,1,0
BRDA:109,7,2,0
BRDA:109,7,3,0
BRDA:109,7,4,0
BRDA:119,8,0,0
BRDA:119,8,1,0
BRDA:119,8,2,0
BRDA:119,8,3,0
BRDA:119,8,4,0
BRDA:173,9,0,0
BRDA:173,9,1,0
BRDA:189,10,0,0
BRDA:189,10,1,0
BRDA:209,11,0,0
BRDA:209,11,1,0
BRDA:210,12,0,0
BRDA:210,12,1,0
BRDA:211,13,0,0
BRDA:211,13,1,0
BRDA:224,14,0,0
BRDA:224,14,1,0
BRDA:230,15,0,0
BRDA:230,15,1,0
BRDA:243,16,0,0
BRDA:243,16,1,0
BRF:41
BRH:0
end_of_record
TN:
SF:src\components\SecurityBadge.jsx
FN:3,SecurityBadge
FNF:1
FNH:0
FNDA:0,SecurityBadge
DA:4,0
LF:1
LH:0
BRF:0
BRH:0
end_of_record
TN:
SF:src\components\Settings.jsx
FN:20,Settings
FN:31,(anonymous_1)
FN:32,(anonymous_2)
FN:38,(anonymous_3)
FN:100,(anonymous_4)
FN:106,(anonymous_5)
FN:112,(anonymous_6)
FN:125,(anonymous_7)
FN:141,(anonymous_8)
FN:148,(anonymous_9)
FN:160,(anonymous_10)
FN:176,(anonymous_11)
FN:179,(anonymous_12)
FNF:13
FNH:0
FNDA:0,Settings
FNDA:0,(anonymous_1)
FNDA:0,(anonymous_2)
FNDA:0,(anonymous_3)
FNDA:0,(anonymous_4)
FNDA:0,(anonymous_5)
FNDA:0,(anonymous_6)
FNDA:0,(anonymous_7)
FNDA:0,(anonymous_8)
FNDA:0,(anonymous_9)
FNDA:0,(anonymous_10)
FNDA:0,(anonymous_11)
FNDA:0,(anonymous_12)
DA:21,0
DA:22,0
DA:23,0
DA:31,0
DA:32,0
DA:38,0
DA:39,0
DA:40,0
DA:43,0
DA:100,0
DA:106,0
DA:112,0
DA:118,0
DA:125,0
DA:142,0
DA:149,0
DA:160,0
DA:176,0
DA:180,0
LF:19
LH:0
BRDA:158,0,0,0
BRDA:158,0,1,0
BRDA:162,1,0,0
BRDA:162,1,1,0
BRDA:167,2,0,0
BRDA:167,2,1,0
BRDA:173,3,0,0
BRDA:173,3,1,0
BRDA:187,4,0,0
BRDA:187,4,1,0
BRF:10
BRH:0
end_of_record
TN:
SF:src\components\SplashScreen.jsx
FN:5,SplashScreen
FN:8,(anonymous_1)
FN:9,(anonymous_2)
FN:19,(anonymous_3)
FNF:4
FNH:0
FNDA:0,SplashScreen
FNDA:0,(anonymous_1)
FNDA:0,(anonymous_2)
FNDA:0,(anonymous_3)
DA:6,0
DA:8,0
DA:9,0
DA:11,0
DA:12,0
DA:13,0
DA:15,0
DA:19,0
DA:22,0
LF:9
LH:0
BRDA:12,0,0,0
BRDA:12,0,1,0
BRF:2
BRH:0
end_of_record
TN:
SF:src\components\StatsCards.jsx
FN:3,StatsCards
FN:21,(anonymous_1)
FNF:2
FNH:0
FNDA:0,StatsCards
FNDA:0,(anonymous_1)
DA:4,0
DA:19,0
DA:22,0
LF:3
LH:0
BRF:0
BRH:0
end_of_record
TN:
SF:src\components\UserProfile.jsx
FN:8,UserProfile
FN:32,(anonymous_1)
FN:33,(anonymous_2)
FNF:3
FNH:0
FNDA:0,UserProfile
FNDA:0,(anonymous_1)
FNDA:0,(anonymous_2)
DA:9,0
DA:32,0
DA:33,0
DA:42,0
LF:4
LH:0
BRF:0
BRH:0
end_of_record
TN:
SF:src\contexts\AuthContext.jsx
FN:7,AuthProvider
FN:12,(anonymous_1)
FN:13,(anonymous_2)
FN:38,(anonymous_3)
FN:69,(anonymous_4)
FN:100,useAuth
FNF:6
FNH:6
FNDA:13,AuthProvider
FNDA:4,(anonymous_1)
FNDA:4,(anonymous_2)
FNDA:3,(anonymous_3)
FNDA:1,(anonymous_4)
FNDA:13,useAuth
DA:4,1
DA:8,13
DA:9,13
DA:12,13
DA:13,4
DA:14,4
DA:16,4
DA:17,4
DA:19,4
DA:21,0
DA:22,0
DA:25,0
DA:27,0
DA:28,0
DA:30,4
DA:34,4
DA:38,13
DA:39,3
DA:40,3
DA:43,3
DA:44,3
DA:52,3
DA:53,3
DA:55,3
DA:56,3
DA:58,0
DA:61,0
DA:62,0
DA:64,3
DA:69,13
DA:70,1
DA:72,1
DA:73,1
DA:75,1
DA:77,0
DA:82,13
DA:84,13
DA:92,13
DA:101,13
DA:102,13
DA:103,0
DA:105,13
LF:42
LH:32
BRDA:19,0,0,0
BRDA:19,0,1,4
BRDA:19,1,0,4
BRDA:19,1,1,0
BRDA:43,2,0,3
BRDA:43,2,1,0
BRDA:43,3,0,3
BRDA:43,3,1,3
BRDA:102,4,0,0
BRDA:102,4,1,13
BRF:10
BRH:6
end_of_record
